PRT1
337
988
4 0 30 (1504 1504 -256 ) (1504 1504 -1024 ) (1921.939941 1504 -1024 ) (1921.939941 1504 -256 ) 
4 0 28 (1504 1504 -64 ) (1504 1504 -256 ) (1921.939941 1504 -256 ) (1921.939941 1504 -64 ) 
4 0 27 (1920 1504 -64 ) (1921.939941 1504 -64 ) (1921.939941 1504 0 ) (1920 1504 0 ) 
4 0 16 (1696 1504 1024 ) (1504 1504 1024 ) (1504 1504 384 ) (1696 1504 384 ) 
4 0 14 (1696 1504 224 ) (1696 1504 0 ) (1888 1504 0 ) (1888 1504 224 ) 
4 0 13 (1920 1504 0 ) (1921.939941 1504 0 ) (1921.939941 1504 224 ) (1920 1504 224 ) 
4 0 12 (1920 1504 1024 ) (1696 1504 1024 ) (1696 1504 256 ) (1920 1504 256 ) 
4 0 11 (1921.939941 1504 1024 ) (1920 1504 1024 ) (1920 1504 224 ) (1921.939941 1504 224 ) 
4 0 10 (1504 1792 -1024 ) (1504 1504 -1024 ) (1504 1504 -384 ) (1504 1792 -384 ) 
4 0 4 (1504 1504 160 ) (1504 1504 1024 ) (1504 1792 1024 ) (1504 1792 160 ) 
4 0 3 (1504 1824 -1024 ) (1504 1792 -1024 ) (1504 1792 -256 ) (1504 1824 -256 ) 
4 0 2 (1504 1792 160 ) (1504 1792 1024 ) (1504 1824 1024 ) (1504 1824 160 ) 
4 0 1 (1504 2000.970093 -1024 ) (1504 1824 -1024 ) (1504 1824 1024 ) (1504 2000.970093 1024 ) 
4 1 72 (1024 2000.970093 -1024 ) (1024 1824 -1024 ) (1024 1824 -256 ) (1024 2000.970093 -256 ) 
4 1 64 (1024 1824 -256 ) (1024 1824 0 ) (1024 2000.970093 0 ) (1024 2000.970093 -256 ) 
4 1 35 (1024 1824 0 ) (1024 1824 128 ) (1024 2000.970093 128 ) (1024 2000.970093 0 ) 
4 1 32 (1024 1824 128 ) (1024 1824 1024 ) (1024 2000.970093 1024 ) (1024 2000.970093 128 ) 
4 1 3 (1024 1824 -1024 ) (1504 1824 -1024 ) (1504 1824 -256 ) (1024 1824 -256 ) 
4 1 2 (1504 1824 160 ) (1504 1824 1024 ) (1024 1824 1024 ) (1024 1824 160 ) 
4 2 33 (1024 1792 160 ) (1024 1792 1024 ) (1024 1824 1024 ) (1024 1824 160 ) 
4 2 4 (1024 1792 1024 ) (1024 1792 160 ) (1504 1792 160 ) (1504 1792 1024 ) 
4 3 72 (1024 1824 -1024 ) (1024 1792 -1024 ) (1024 1792 -256 ) (1024 1824 -256 ) 
4 3 10 (1024 1792 -384 ) (1024 1792 -1024 ) (1504 1792 -1024 ) (1504 1792 -384 ) 
4 4 33 (1024 1504 160 ) (1024 1504 1024 ) (1024 1792 1024 ) (1024 1792 160 ) 
4 4 16 (1024 1504 1024 ) (1024 1504 384 ) (1504 1504 384 ) (1504 1504 1024 ) 
4 5 17 (1472 1504 128 ) (1216 1504 128 ) (1216 1504 0 ) (1472 1504 0 ) 
4 5 6 (1216 1792 0 ) (1216 1632 0 ) (1216 1632 128 ) (1216 1792 128 ) 
4 6 7 (1184 1632 128 ) (1184 1792 128 ) (1184 1792 0 ) (1184 1632 0 ) 
4 7 66 (1024 1792 0 ) (1024 1792 -91.428604 ) (1024 1632 -91.428596 ) (1024 1632 0 ) 
4 7 37 (1024 1632 128 ) (1024 1792 128 ) (1024 1792 0 ) (1024 1632 0 ) 
4 7 8 (1184 1632 0 ) (1184 1632 128 ) (1024 1632 128 ) (1024 1632 -91.428604 ) 
4 8 68 (1024 1504 -128 ) (1024 1504 -64 ) (1024 1632 -64 ) (1024 1632 -128 ) 
4 8 67 (1024 1504 -64 ) (1024 1504 0 ) (1024 1632 0 ) (1024 1632 -64 ) 
4 8 37 (1024 1504 0 ) (1024 1504 128 ) (1024 1632 128 ) (1024 1632 0 ) 
4 8 29 (1024 1504 -64 ) (1024 1504 -128 ) (1184 1504 -128 ) (1184 1504 -64 ) 
4 8 9 (1184 1632 -128 ) (1184 1504 -128 ) (1024 1504 -128 ) (1024 1632 -128 ) 
4 9 68 (1024 1504 -256 ) (1024 1504 -128 ) (1024 1632 -128 ) (1024 1632 -256 ) 
4 9 29 (1024 1504 -128 ) (1024 1504 -256 ) (1184 1504 -256 ) (1184 1504 -128 ) 
4 10 73 (1024 1504 -1024 ) (1024 1504 -384 ) (1024 1792 -384 ) (1024 1792 -1024 ) 
4 10 31 (1024 1504 -384 ) (1024 1504 -1024 ) (1504 1504 -1024 ) (1504 1504 -384 ) 
4 11 82 (1921.939941 1024 1024 ) (1920 1024 1024 ) (1920 1024 224 ) (1921.939941 1024 224 ) 
4 11 13 (1920 1504 224 ) (1921.939941 1504 224 ) (1921.939941 1024 224 ) (1920 1024 224 ) 
4 11 12 (1920 1024 256 ) (1920 1024 1024 ) (1920 1504 1024 ) (1920 1504 256 ) 
4 12 83 (1920 1024 1024 ) (1696 1024 1024 ) (1696 1024 256 ) (1920 1024 256 ) 
4 12 18 (1696 1024 384 ) (1696 1024 1024 ) (1696 1472 1024 ) (1696 1472 384 ) 
4 12 16 (1696 1504 1024 ) (1696 1504 384 ) (1696 1472 384 ) (1696 1472 1024 ) 
4 13 82 (1921.939941 1024 224 ) (1920 1024 224 ) (1920 1024 0 ) (1921.939941 1024 0 ) 
4 13 27 (1920 1504 0 ) (1921.939941 1504 0 ) (1921.939941 1024 0 ) (1920 1024 0 ) 
4 15 84 (1888 1024 224 ) (1696 1024 224 ) (1696 1024 0 ) (1888 1024 0 ) 
4 15 19 (1696 1184 0 ) (1696 1024 0 ) (1696 1024 128 ) (1696 1184 128 ) 
4 16 39 (1024 1504 1024 ) (1024 1504 384 ) (1024 1472 384 ) (1024 1472 1024 ) 
4 16 20 (1024 1472 1024 ) (1024 1472 384 ) (1664 1472 384 ) (1664 1472 1024 ) 
4 16 18 (1664 1472 384 ) (1696 1472 384 ) (1696 1472 1024 ) (1664 1472 1024 ) 
4 17 23 (1216 1472 0 ) (1472 1472 0 ) (1472 1472 128 ) (1216 1472 128 ) 
4 18 85 (1664 1024 1024 ) (1664 1024 384 ) (1696 1024 384 ) (1696 1024 1024 ) 
4 18 20 (1664 1472 1024 ) (1664 1472 384 ) (1664 1024 384 ) (1664 1024 1024 ) 
4 19 86 (1664 1024 128 ) (1664 1024 0 ) (1696 1024 0 ) (1696 1024 128 ) 
4 19 26 (1664 1184 0 ) (1664 1024 0 ) (1664 1024 104.819183 ) (1664 1184 70.180336 ) 
5 19 25 (1664 1024 104.819183 ) (1664 1024 128 ) (1664 1142.116699 128 ) (1664 1184 91.725327 ) (1664 1184 70.180336 ) 
3 19 24 (1664 1142.116699 128 ) (1664 1184 128 ) (1664 1184 91.725327 ) 
4 20 98 (1024 1024 512 ) (1024 1024 182 ) (1452.060547 1024 182 ) (1452.060547 1024 512 ) 
4 20 97 (1452.060547 1024 182 ) (1457.418091 1024 182 ) (1457.418091 1024 512 ) (1452.060547 1024 512 ) 
4 20 89 (1504 1024 182 ) (1664 1024 182 ) (1664 1024 512 ) (1504 1024 512 ) 
4 20 90 (1457.418091 1024 182 ) (1504 1024 182 ) (1504 1024 512 ) (1457.418091 1024 512 ) 
4 20 88 (1024 1024 1024 ) (1024 1024 512 ) (1664 1024 512 ) (1664 1024 1024 ) 
4 20 49 (1024 1024 182 ) (1024 1024 512 ) (1024 1184 512 ) (1024 1184 182 ) 
4 20 47 (1024 1184 512 ) (1024 1216 512 ) (1024 1216 182 ) (1024 1184 182 ) 
4 20 44 (1024 1472 256 ) (1024 1472 182 ) (1024 1216 182 ) (1024 1216 256 ) 
4 20 42 (1024 1216 512 ) (1024 1472 512 ) (1024 1472 256 ) (1024 1216 256 ) 
4 20 41 (1024 1024 512 ) (1024 1024 1024 ) (1024 1472 1024 ) (1024 1472 512 ) 
4 20 21 (1024 1472 182 ) (1504 1472 182 ) (1504 1024 182 ) (1024 1024 182 ) 
4 21 98 (1024 1024 182 ) (1024 1024 172 ) (1452.060547 1024 172 ) (1452.060547 1024 182 ) 
4 21 97 (1452.060547 1024 172 ) (1457.418091 1024 172 ) (1457.418091 1024 182 ) (1452.060547 1024 182 ) 
4 21 90 (1457.418091 1024 172 ) (1504 1024 172 ) (1504 1024 182 ) (1457.418091 1024 182 ) 
4 21 49 (1024 1024 172 ) (1024 1024 182 ) (1024 1184 182 ) (1024 1184 172 ) 
4 21 47 (1024 1184 182 ) (1024 1216 182 ) (1024 1216 172 ) (1024 1184 172 ) 
4 21 44 (1024 1216 182 ) (1024 1472 182 ) (1024 1472 172 ) (1024 1216 172 ) 
4 21 24 (1504 1198.695068 172 ) (1504 1024 172 ) (1304.257446 1024 172 ) (1278.550049 1068.530029 172 ) 
4 21 23 (1045.625122 1472 172 ) (1504 1472 172 ) (1504 1198.695068 172 ) (1278.550049 1068.530029 172 ) 
4 21 22 (1024 1024 172 ) (1024 1472 172 ) (1045.625122 1472 172 ) (1304.257446 1024 172 ) 
4 22 100 (1024 1024 24.823288 ) (1024 1024 0 ) (1304.257568 1024 0 ) (1304.257568 1024 59.853680 ) 
4 22 98 (1024 1024 172 ) (1024 1024 24.823288 ) (1304.257568 1024 59.853680 ) (1304.257568 1024 172 ) 
4 22 52 (1024 1024 0 ) (1024 1024 128 ) (1024 1472 128 ) (1024 1472 0 ) 
4 22 49 (1024 1024 128 ) (1024 1024 172 ) (1024 1184 172 ) (1024 1184 128 ) 
4 22 47 (1024 1184 172 ) (1024 1216 172 ) (1024 1216 128 ) (1024 1184 128 ) 
4 22 44 (1024 1216 172 ) (1024 1472 172 ) (1024 1472 128 ) (1024 1216 128 ) 
4 22 24 (1278.551147 1068.530640 172 ) (1304.258789 1024 172 ) (1304.258789 1024 59.853836 ) (1278.551147 1068.530640 47 ) 
4 22 23 (1045.626953 1472 0 ) (1045.626953 1472 172 ) (1278.551147 1068.530640 172 ) (1278.551147 1068.530640 0 ) 
4 23 26 (1389.395264 1132.528320 0 ) (1664 1291.074219 0 ) (1664 1291.074219 47 ) (1389.395264 1132.528320 47 ) 
4 23 24 (1278.552734 1068.532227 172 ) (1278.552734 1068.532227 47 ) (1664 1291.074219 47 ) (1664 1291.074219 172 ) 
5 24 98 (1452.060547 1024 172 ) (1304.257568 1024 172 ) (1304.257568 1024 59.853683 ) (1329.429199 1024 63 ) (1452.060547 1024 124.320831 ) 
4 24 97 (1457.418213 1024 172 ) (1452.060547 1024 172 ) (1452.060547 1024 124.320831 ) (1457.418091 1024 127 ) 
3 24 91 (1547.410889 1024 172 ) (1457.418213 1024 172 ) (1457.418091 1024 127 ) 
4 24 26 (1389.395386 1132.528198 47 ) (1664 1291.072998 47 ) (1664 1217.166382 63 ) (1421.400269 1077.099854 63 ) 
5 24 25 (1664 1091.312500 172 ) (1547.412720 1024 172 ) (1452.060547 1024 124.320313 ) (1421.400513 1077.099121 63.001045 ) (1664 1217.165649 63.001057 ) 
4 25 97 (1457.418213 1024 127 ) (1452.060547 1024 124.320801 ) (1452.060547 1024 78.328102 ) (1457.418213 1024 78.997772 ) 
4 25 95 (1664 1024 104.819176 ) (1664 1024 127 ) (1583.537109 1024 127 ) (1583.537109 1024 94.761826 ) 
4 25 94 (1664 1024 127 ) (1664 1024 172 ) (1583.537109 1024 172 ) (1583.537109 1024 127 ) 
5 25 91 (1583.537109 1024 172 ) (1547.410889 1024 172 ) (1457.418213 1024 127 ) (1457.418213 1024 78.997772 ) (1583.537109 1024 94.761826 ) 
4 25 26 (1664 1217.166382 63 ) (1664 1024 104.819458 ) (1452.060547 1024 78.328331 ) (1421.400269 1077.099854 63 ) 
4 26 97 (1452.060547 1024 0 ) (1457.418213 1024 0 ) (1457.418213 1024 78.997765 ) (1452.060547 1024 78.328094 ) 
4 26 95 (1583.537109 1024 0 ) (1664 1024 0 ) (1664 1024 104.819176 ) (1583.537109 1024 94.761826 ) 
4 26 92 (1457.418213 1024 0 ) (1583.537109 1024 0 ) (1583.537109 1024 48 ) (1457.418213 1024 48 ) 
4 26 91 (1583.537109 1024 48 ) (1583.537109 1024 94.761826 ) (1457.418213 1024 78.997765 ) (1457.418213 1024 48 ) 
4 27 121 (1921.939941 1024 0 ) (1920 1024 0 ) (1920 1024 -64 ) (1921.939941 1024 -64 ) 
4 27 28 (1921.939941 1024 -64 ) (1920 1024 -64 ) (1920 1504 -64 ) (1921.939941 1504 -64 ) 
4 28 124 (1408 1024 -64 ) (1216 1024 -64 ) (1216 1024 -256 ) (1408 1024 -256 ) 
4 28 123 (1440 1024 -64 ) (1408 1024 -64 ) (1408 1024 -256 ) (1440 1024 -256 ) 
4 28 122 (1921.939941 1024 -64 ) (1440 1024 -64 ) (1440 1024 -256 ) (1921.939941 1024 -256 ) 
4 28 30 (1921.939941 1024 -256 ) (1504 1024 -256 ) (1504 1504 -256 ) (1921.939941 1504 -256 ) 
4 29 127 (1184 1024 -64 ) (1024 1024 -64 ) (1024 1024 -256 ) (1184 1024 -256 ) 
4 29 68 (1024 1024 -256 ) (1024 1024 -64 ) (1024 1504 -64 ) (1024 1504 -256 ) 
4 30 128 (1921.939941 1024 -256 ) (1504 1024 -256 ) (1504 1024 -1024 ) (1921.939941 1024 -1024 ) 
4 30 31 (1504 1504 -1024 ) (1504 1024 -1024 ) (1504 1024 -384 ) (1504 1504 -384 ) 
4 31 129 (1024 1024 -384 ) (1024 1024 -1024 ) (1504 1024 -1024 ) (1504 1024 -384 ) 
4 31 73 (1024 1024 -1024 ) (1024 1024 -384 ) (1024 1504 -384 ) (1024 1504 -1024 ) 
4 32 35 (768 1824 128 ) (768 2000.970093 128 ) (1024 2000.970093 128 ) (1024 1824 128 ) 
4 32 33 (768 1824 1024 ) (768 1824 160 ) (1024 1824 160 ) (1024 1824 1024 ) 
4 32 34 (768 2000.970093 1024 ) (768 2000.970093 128 ) (768 1824 128 ) (768 1824 1024 ) 
4 33 39 (1024 1504 384 ) (1024 1504 1024 ) (768 1504 1024 ) (768 1504 384 ) 
4 33 34 (768 1504 160 ) (768 1504 1024 ) (768 1824 1024 ) (768 1824 160 ) 
4 34 75 (0 2000.970093 128 ) (0 1504 128 ) (0 1504 1024 ) (0 2000.970093 1024 ) 
4 34 39 (768 1504 1024 ) (320 1504 1024 ) (320 1504 384 ) (768 1504 384 ) 
4 34 40 (320 1504 1024 ) (0 1504 1024 ) (0 1504 128 ) (320 1504 128 ) 
4 34 38 (768 1504 128 ) (0 1504 128 ) (0 1792 128 ) (768 1792 128 ) 
4 34 36 (0 1792 128 ) (0 2000.970093 128 ) (768 2000.970093 128 ) (768 1792 128 ) 
4 35 64 (1024 2000.970093 0 ) (1024 1824 0 ) (768 1824 0 ) (768 2000.970093 0 ) 
4 35 36 (768 2000.970093 128 ) (768 2000.970093 0 ) (768 1824 0 ) (768 1824 128 ) 
4 36 75 (0 2000.970093 0 ) (0 1792 0 ) (0 1792 128 ) (0 2000.970093 128 ) 
4 36 65 (768 1792 0 ) (0 1792 0 ) (0 2000.970093 0 ) (768 2000.970093 0 ) 
4 36 38 (0 1792 0 ) (768 1792 0 ) (768 1792 128 ) (0 1792 128 ) 
4 37 67 (1024 1632 0 ) (1024 1504 0 ) (800 1504 0 ) (800 1632 0 ) 
4 37 66 (1024 1792 0 ) (1024 1632 0 ) (800 1632 0 ) (800 1792 0 ) 
4 38 75 (0 1792 0 ) (0 1504 0 ) (0 1504 128 ) (0 1792 128 ) 
4 38 70 (768 1504 0 ) (0 1504 0 ) (0 1792 0 ) (768 1792 0 ) 
4 38 40 (0 1504 0 ) (320 1504 0 ) (320 1504 128 ) (0 1504 128 ) 
4 39 60 (352 1472 1024 ) (320 1472 1024 ) (320 1472 384 ) (352 1472 384 ) 
4 39 43 (608 1472 512 ) (352 1472 512 ) (352 1472 384 ) (608 1472 384 ) 
4 39 42 (1024 1472 384 ) (1024 1472 512 ) (608 1472 512 ) (608 1472 384 ) 
4 39 41 (1024 1472 512 ) (1024 1472 1024 ) (352 1472 1024 ) (352 1472 512 ) 
4 39 40 (320 1472 384 ) (320 1472 1024 ) (320 1504 1024 ) (320 1504 384 ) 
4 40 76 (0 1504 1024 ) (0 1504 0 ) (0 1472 0 ) (0 1472 1024 ) 
4 40 61 (0 1472 384 ) (0 1472 0 ) (320 1472 0 ) (320 1472 384 ) 
4 40 60 (0 1472 1024 ) (0 1472 384 ) (320 1472 384 ) (320 1472 1024 ) 
4 41 157 (416 1024 1024 ) (352 1024 1024 ) (352 1024 512 ) (416 1024 512 ) 
4 41 155 (608 1024 1024 ) (416 1024 1024 ) (416 1024 512 ) (608 1024 512 ) 
4 41 147 (1024 1024 512 ) (1024 1024 1024 ) (608 1024 1024 ) (608 1024 512 ) 
4 41 62 (352 1216 512 ) (352 1024 512 ) (352 1024 1024 ) (352 1216 1024 ) 
4 41 60 (352 1472 1024 ) (352 1472 512 ) (352 1216 512 ) (352 1216 1024 ) 
4 41 51 (352 1024 512 ) (352 1120 512 ) (416 1120 512 ) (416 1024 512 ) 
4 41 49 (608 1184 512 ) (1024 1184 512 ) (1024 1024 512 ) (608 1024 512 ) 
4 41 50 (416 1184 512 ) (576 1184 512 ) (576 1024 512 ) (416 1024 512 ) 
4 41 47 (608 1216 512 ) (1024 1216 512 ) (1024 1184 512 ) (608 1184 512 ) 
4 41 43 (352 1216 512 ) (352 1472 512 ) (608 1472 512 ) (608 1216 512 ) 
4 41 42 (608 1472 512 ) (1024 1472 512 ) (1024 1216 512 ) (608 1216 512 ) 
4 42 47 (1024 1216 256 ) (1024 1216 512 ) (608 1216 512 ) (608 1216 256 ) 
4 42 44 (1024 1216 256 ) (608 1216 256 ) (608 1472 256 ) (1024 1472 256 ) 
5 42 43 (608 1472 256 ) (608 1264 256 ) (608 1216 304 ) (608 1216 512 ) (608 1472 512 ) 
4 43 60 (352 1472 512 ) (352 1472 384 ) (352 1216 384 ) (352 1216 512 ) 
4 43 45 (352 1376 256 ) (352 1472 256 ) (448 1472 256 ) (448 1376 256 ) 
4 43 46 (352 1264 256 ) (352 1376 256 ) (448 1376 256 ) (448 1264 256 ) 
4 43 44 (448 1472 256 ) (608 1472 256 ) (608 1264 256 ) (448 1264 256 ) 
4 44 59 (704 1312 128 ) (704 1216 128 ) (608 1216 128 ) (608 1312 128 ) 
4 44 57 (800 1376 128 ) (800 1328 128 ) (704 1328 128 ) (704 1376 128 ) 
4 44 58 (800 1328 128 ) (800 1216 128 ) (704 1216 128 ) (704 1328 128 ) 
4 44 56 (704 1472 128 ) (800 1472 128 ) (800 1376 128 ) (704 1376 128 ) 
4 44 54 (848 1408 128 ) (848 1344 128 ) (800 1344 128 ) (800 1408 128 ) 
4 44 53 (800 1472 128 ) (848 1472 128 ) (848 1408 128 ) (800 1408 128 ) 
4 44 55 (848 1344 128 ) (848 1216 128 ) (800 1216 128 ) (800 1344 128 ) 
4 44 52 (848 1472 128 ) (1024 1472 128 ) (1024 1216 128 ) (848 1216 128 ) 
4 44 48 (452 1216 128 ) (508 1216 128 ) (508 1216 240 ) (452 1216 240 ) 
4 44 47 (608 1216 128 ) (1024 1216 128 ) (1024 1216 256 ) (608 1216 256 ) 
4 44 45 (448 1376 168 ) (448 1376 256 ) (448 1472 256 ) (448 1472 168 ) 
4 44 46 (448 1376 128 ) (448 1216 128 ) (448 1216 256 ) (448 1376 256 ) 
4 45 46 (448 1376 168 ) (448 1376 256 ) (352 1376 256 ) (352 1376 168 ) 
4 47 59 (608 1216 128 ) (704 1216 128 ) (704 1184 128 ) (608 1184 128 ) 
4 47 58 (704 1216 128 ) (800 1216 128 ) (800 1184 128 ) (704 1184 128 ) 
4 47 55 (800 1216 128 ) (848 1216 128 ) (848 1184 128 ) (800 1184 128 ) 
4 47 52 (848 1216 128 ) (1024 1216 128 ) (1024 1184 128 ) (848 1184 128 ) 
4 47 49 (608 1184 128 ) (1024 1184 128 ) (1024 1184 512 ) (608 1184 512 ) 
4 48 50 (452 1184 128 ) (508 1184 128 ) (508 1184 240 ) (452 1184 240 ) 
4 49 147 (1024 1024 128 ) (1024 1024 512 ) (608 1024 512 ) (608 1024 128 ) 
4 49 59 (704 1024 128 ) (608 1024 128 ) (608 1184 128 ) (704 1184 128 ) 
4 49 58 (800 1024 128 ) (704 1024 128 ) (704 1184 128 ) (800 1184 128 ) 
4 49 55 (848 1024 128 ) (800 1024 128 ) (800 1184 128 ) (848 1184 128 ) 
4 49 52 (1024 1024 128 ) (848 1024 128 ) (848 1184 128 ) (1024 1184 128 ) 
4 50 156 (576 1024 512 ) (416 1024 512 ) (416 1024 128 ) (576 1024 128 ) 
4 50 51 (416 1120 128 ) (416 1024 128 ) (416 1024 512 ) (416 1120 512 ) 
4 51 162 (416 1024 512 ) (352 1024 512 ) (352 1024 128 ) (416 1024 128 ) 
4 52 148 (1024 1024 0 ) (1024 1024 112 ) (848 1024 112 ) (848 1024 0 ) 
4 52 147 (1024 1024 112 ) (1024 1024 128 ) (848 1024 128 ) (848 1024 112 ) 
4 52 54 (848 1344 128 ) (848 1408 128 ) (848 1408 48 ) (848 1344 48 ) 
4 52 53 (848 1408 128 ) (848 1472 128 ) (848 1472 0 ) (848 1408 0 ) 
4 52 55 (848 1024 128 ) (848 1344 128 ) (848 1344 0 ) (848 1024 0 ) 
4 53 56 (800 1408 128 ) (800 1472 128 ) (800 1472 96 ) (800 1408 96 ) 
4 53 54 (800 1408 128 ) (800 1408 48 ) (848 1408 48 ) (848 1408 128 ) 
4 54 57 (800 1344 128 ) (800 1376 128 ) (800 1376 72 ) (800 1344 72 ) 
4 54 56 (800 1376 128 ) (800 1408 128 ) (800 1408 96 ) (800 1376 96 ) 
4 54 55 (800 1344 128 ) (800 1344 48 ) (848 1344 48 ) (848 1344 128 ) 
4 55 148 (832 1024 0 ) (848 1024 0 ) (848 1024 112 ) (832 1024 112 ) 
4 55 147 (848 1024 128 ) (800 1024 128 ) (800 1024 112 ) (848 1024 112 ) 
4 55 57 (800 1328 128 ) (800 1344 128 ) (800 1344 72 ) (800 1328 72 ) 
4 55 58 (800 1024 128 ) (800 1328 128 ) (800 1328 0 ) (800 1024 0 ) 
4 56 57 (704 1376 128 ) (704 1376 96 ) (800 1376 96 ) (800 1376 128 ) 
4 57 58 (704 1328 128 ) (704 1328 72 ) (800 1328 72 ) (800 1328 128 ) 
4 58 149 (704 1024 112 ) (704 1024 0 ) (736 1024 0 ) (736 1024 112 ) 
4 58 147 (800 1024 128 ) (704 1024 128 ) (704 1024 112 ) (800 1024 112 ) 
4 58 59 (704 1024 128 ) (704 1312 128 ) (704 1152 0 ) (704 1024 0 ) 
4 59 149 (608 1024 112 ) (608 1024 0 ) (704 1024 0 ) (704 1024 112 ) 
4 59 147 (704 1024 128 ) (608 1024 128 ) (608 1024 112 ) (704 1024 112 ) 
4 60 76 (0 1472 1024 ) (0 1472 384 ) (0 1216 384 ) (0 1216 1024 ) 
4 60 63 (0 1216 512 ) (0 1216 384 ) (288 1216 384 ) (288 1216 512 ) 
4 60 62 (0 1216 1024 ) (0 1216 512 ) (352 1216 512 ) (352 1216 1024 ) 
4 60 61 (320 1216 384 ) (0 1216 384 ) (0 1472 384 ) (320 1472 384 ) 
4 61 76 (0 1472 384 ) (0 1472 0 ) (0 1216 0 ) (0 1216 384 ) 
4 61 63 (0 1216 384 ) (0 1216 0 ) (288 1216 0 ) (288 1216 384 ) 
4 62 158 (0 1024 1024 ) (0 1024 512 ) (1 1024 512 ) (1 1024 1024 ) 
4 62 157 (1 1024 512 ) (352 1024 512 ) (352 1024 1024 ) (1 1024 1024 ) 
4 62 76 (0 1024 512 ) (0 1024 1024 ) (0 1216 1024 ) (0 1216 512 ) 
4 62 63 (0 1216 512 ) (288 1216 512 ) (288 1024 512 ) (0 1024 512 ) 
4 63 164 (0 1024 512 ) (0 1024 0 ) (288 1024 0 ) (288 1024 512 ) 
4 63 76 (0 1024 0 ) (0 1024 512 ) (0 1216 512 ) (0 1216 0 ) 
4 64 72 (768 2000.970093 -256 ) (1024 2000.970093 -256 ) (1024 1824 -256 ) (768 1824 -256 ) 
4 64 65 (768 2000.970093 0 ) (768 2000.970093 -256 ) (768 1824 -256 ) (768 1824 0 ) 
4 65 75 (0 1792 0 ) (0 2000.970093 0 ) (0 2000.970093 -256 ) (0 1792 -256 ) 
4 65 74 (0 1792 -256 ) (0 2000.970093 -256 ) (768 2000.970093 -256 ) (768 1792 -256 ) 
4 65 70 (0 1792 -256 ) (768 1792 -256 ) (768 1792 0 ) (0 1792 0 ) 
4 66 69 (800 1632 -64 ) (800 1632 -128 ) (960 1632 -128 ) (960 1632 -64 ) 
4 66 68 (960 1632 -128 ) (1024 1632 -91.428589 ) (1024 1632 -64 ) (960 1632 -64 ) 
4 66 67 (800 1632 0 ) (800 1632 -64 ) (1024 1632 -64 ) (1024 1632 0 ) 
4 67 69 (800 1504 -64 ) (800 1632 -64 ) (960 1632 -64 ) (960 1504 -64 ) 
4 67 68 (960 1632 -64 ) (1024 1632 -64 ) (1024 1504 -64 ) (960 1504 -64 ) 
4 68 202 (1024 1024 -256 ) (1024 1024 -64 ) (960 1024 -64 ) (960 1024 -256 ) 
5 68 69 (960 1024 -64 ) (960 1632 -64 ) (960 1632 -128 ) (960 1408 -256 ) (960 1024 -256 ) 
4 69 202 (960 1024 -64 ) (800 1024 -64 ) (800 1024 -256 ) (960 1024 -256 ) 
4 70 75 (0 1504 0 ) (0 1792 0 ) (0 1792 -256 ) (0 1504 -256 ) 
4 70 74 (0 1504 -256 ) (0 1792 -256 ) (768 1792 -256 ) (768 1504 -256 ) 
4 70 71 (0 1504 -256 ) (768 1504 -256 ) (768 1504 -64 ) (0 1504 -64 ) 
4 71 203 (0 1024 -64 ) (0 1024 -256 ) (768 1024 -256 ) (768 1024 -64 ) 
4 71 77 (0 1024 -256 ) (0 1024 -64 ) (0 1504 -64 ) (0 1504 -256 ) 
4 71 74 (768 1024 -256 ) (0 1024 -256 ) (0 1504 -256 ) (768 1504 -256 ) 
4 72 73 (768 1792 -384 ) (768 1792 -1024 ) (1024 1792 -1024 ) (1024 1792 -384 ) 
4 72 74 (768 2000.970093 -256 ) (768 2000.970093 -1024 ) (768 1792 -1024 ) (768 1792 -256 ) 
4 73 205 (1024 1024 -1024 ) (1024 1024 -384 ) (768 1024 -384 ) (768 1024 -1024 ) 
4 73 74 (768 1792 -1024 ) (768 1024 -1024 ) (768 1024 -384 ) (768 1792 -384 ) 
4 74 205 (0 1024 -384 ) (0 1024 -1024 ) (768 1024 -1024 ) (768 1024 -384 ) 
4 74 204 (768 1024 -256 ) (0 1024 -256 ) (0 1024 -384 ) (768 1024 -384 ) 
4 74 77 (0 1024 -1024 ) (0 1024 -256 ) (0 1504 -256 ) (0 1504 -1024 ) 
4 74 75 (0 1504 -256 ) (0 2000.970093 -256 ) (0 2000.970093 -1024 ) (0 1504 -1024 ) 
4 75 78 (-1024 1504 1024 ) (-1024 2000.970093 1024 ) (-1024 2000.970093 -1024 ) (-1024 1504 -1024 ) 
4 75 76 (0 1504 0 ) (0 1504 1024 ) (-1024 1504 1024 ) (-1024 1504 0 ) 
4 75 77 (-1024 1504 -1024 ) (0 1504 -1024 ) (0 1504 -64 ) (-1024 1504 -64 ) 
4 76 235 (-768 1024 128 ) (-800 1024 128 ) (-800 1024 0 ) (-768 1024 0 ) 
4 76 236 (-800 1024 128 ) (-1024 1024 128 ) (-1024 1024 0 ) (-800 1024 0 ) 
4 76 232 (-32 1024 128 ) (-768 1024 128 ) (-768 1024 0 ) (-32 1024 0 ) 
4 76 231 (0 1024 0 ) (0 1024 128 ) (-32 1024 128 ) (-32 1024 0 ) 
4 76 206 (0 1024 128 ) (0 1024 1024 ) (-1024 1024 1024 ) (-1024 1024 128 ) 
4 76 79 (-1024 1024 0 ) (-1024 1024 1024 ) (-1024 1504 1024 ) (-1024 1504 0 ) 
4 77 247 (0 1024 -1024 ) (0 1024 -64 ) (-1024 1024 -64 ) (-1024 1024 -1024 ) 
4 77 80 (-1024 1024 -1024 ) (-1024 1024 -64 ) (-1024 1504 -64 ) (-1024 1504 -1024 ) 
4 78 79 (-1568 1504 1024 ) (-1568 1504 0 ) (-1024 1504 0 ) (-1024 1504 1024 ) 
4 78 80 (-1568 1504 -64 ) (-1568 1504 -1024 ) (-1024 1504 -1024 ) (-1024 1504 -64 ) 
4 78 81 (-1568 2000.970093 1024 ) (-1568 2000.970093 -1024 ) (-1568 1504 -1024 ) (-1568 1504 1024 ) 
4 79 321 (-1024 1024 0 ) (-1024 1024 320 ) (-1568 1024 320 ) (-1568 1024 0 ) 
4 79 315 (-1024 1024 320 ) (-1024 1024 1024 ) (-1280 1024 1024 ) (-1280 1024 320 ) 
4 79 320 (-1280 1024 1024 ) (-1568 1024 1024 ) (-1568 1024 320 ) (-1280 1024 320 ) 
4 79 81 (-1568 1024 0 ) (-1568 1024 1024 ) (-1568 1504 1024 ) (-1568 1504 0 ) 
4 80 326 (-1024 1024 -1024 ) (-1024 1024 -64 ) (-1568 1024 -64 ) (-1568 1024 -1024 ) 
4 80 81 (-1568 1504 -1024 ) (-1568 1024 -1024 ) (-1568 1024 -64 ) (-1568 1504 -64 ) 
4 81 327 (-1985.939941 1024 0 ) (-1985.939941 1024 -1024 ) (-1568 1024 -1024 ) (-1568 1024 0 ) 
4 81 325 (-1568 1024 1024 ) (-1985.939941 1024 1024 ) (-1985.939941 1024 0 ) (-1568 1024 0 ) 
4 82 121 (1920 1024 0 ) (1921.939941 1024 0 ) (1921.939941 352 0 ) (1920 352 0 ) 
4 82 115 (1920 352 0 ) (1921.939941 352 0 ) (1921.939941 352 224 ) (1920 352 224 ) 
4 82 111 (1921.939941 352 224 ) (1921.939941 352 1024 ) (1920 352 1024 ) (1920 352 224 ) 
4 82 83 (1920 352 256 ) (1920 352 1024 ) (1920 1024 1024 ) (1920 1024 256 ) 
4 83 112 (1920 352 256 ) (1920 352 1024 ) (1696 352 1024 ) (1696 352 256 ) 
4 83 87 (1696 352 512 ) (1696 352 1024 ) (1696 944 1024 ) (1696 944 512 ) 
4 83 85 (1696 1024 1024 ) (1696 1024 384 ) (1696 944 384 ) (1696 944 1024 ) 
4 84 116 (1696 352 0 ) (1888 352 0 ) (1888 352 224 ) (1696 352 224 ) 
4 84 86 (1696 1024 128 ) (1696 1024 0 ) (1696 944 0 ) (1696 944 128 ) 
4 85 89 (1664 944 384 ) (1664 944 512 ) (1664 1024 512 ) (1664 1024 384 ) 
4 85 88 (1664 944 512 ) (1664 944 1024 ) (1664 1024 1024 ) (1664 1024 512 ) 
4 85 87 (1664 944 1024 ) (1664 944 512 ) (1696 944 512 ) (1696 944 1024 ) 
4 86 95 (1664 1024 0 ) (1664 944 0 ) (1664 944 127 ) (1664 1024 127 ) 
4 86 94 (1664 944 127 ) (1664 944 128 ) (1664 1024 128 ) (1664 1024 127 ) 
4 87 112 (1696 352 512 ) (1696 352 1024 ) (1664 352 1024 ) (1664 352 512 ) 
4 87 108 (1664 352 512 ) (1664 352 1024 ) (1664 384 1024 ) (1664 384 512 ) 
4 87 88 (1664 384 1024 ) (1664 944 1024 ) (1664 944 512 ) (1664 384 512 ) 
4 88 165 (1024 640 512 ) (1024 384 512 ) (1024 384 1024 ) (1024 640 1024 ) 
4 88 150 (1024 864 512 ) (1024 640 512 ) (1024 640 1024 ) (1024 864 1024 ) 
4 88 147 (1024 1024 1024 ) (1024 1024 512 ) (1024 864 512 ) (1024 864 1024 ) 
4 88 108 (1024 384 1024 ) (1024 384 512 ) (1664 384 512 ) (1664 384 1024 ) 
4 88 107 (1472 384 512 ) (1024 384 512 ) (1024 640 512 ) (1472 640 512 ) 
4 88 105 (1664 384 512 ) (1504 384 512 ) (1504 672 512 ) (1664 672 512 ) 
4 88 98 (1024 773.747559 512 ) (1024 1024 512 ) (1452.060547 1024 512 ) (1453.400146 1021.680054 512 ) 
3 88 97 (1452.060547 1024 512 ) (1457.418091 1024 512 ) (1453.400146 1021.680054 512 ) 
4 88 89 (1504 1024 512 ) (1664 1024 512 ) (1664 672 512 ) (1504 672 512 ) 
5 88 90 (1024 672 512 ) (1024 773.747559 512 ) (1457.418091 1024 512 ) (1504 1024 512 ) (1504 672 512 ) 
4 89 105 (1664 672 182 ) (1664 672 512 ) (1504 672 512 ) (1504 672 182 ) 
4 89 90 (1504 672 182 ) (1504 672 512 ) (1504 1024 512 ) (1504 1024 182 ) 
4 90 154 (1024 672 172 ) (1024 672 512 ) (1024 773.747559 512 ) (1024 773.747559 172 ) 
4 90 98 (1024 773.748535 512 ) (1453.399658 1021.680725 512 ) (1453.399658 1021.680725 172 ) (1024 773.748535 172 ) 
4 90 97 (1453.399658 1021.680725 512 ) (1457.416504 1024 512 ) (1457.416504 1024 172 ) (1453.399658 1021.680725 172 ) 
4 90 94 (1504 672 172 ) (1024 672 172 ) (1024 700.947449 172 ) (1504 978.078735 172 ) 
5 90 91 (1024 700.947449 172 ) (1024 773.747437 172 ) (1457.418213 1024 172 ) (1504 1024 172 ) (1504 978.078735 172 ) 
4 91 154 (1024 700.947449 48 ) (1024 700.947449 172 ) (1024 773.747559 172 ) (1024 773.747559 48 ) 
4 91 100 (1342.549561 957.676758 48 ) (1024 773.748535 48 ) (1024 773.748535 79 ) (1342.549561 957.676758 78.998466 ) 
4 91 99 (1024 773.748535 79 ) (1024 773.748535 127.012436 ) (1342.549561 957.676758 127.002579 ) (1342.549561 957.676758 78.998466 ) 
4 91 98 (1024 773.748535 127.012436 ) (1024 773.748535 172 ) (1453.399658 1021.680725 172 ) (1453.399658 1021.680725 127 ) 
4 91 97 (1457.416504 1024 172 ) (1457.416504 1024 48 ) (1453.399658 1021.680725 48 ) (1453.399658 1021.680725 172 ) 
4 91 96 (1024 700.948975 127 ) (1024 700.948975 48 ) (1377.149414 904.842041 48 ) (1377.149414 904.842041 127 ) 
4 91 95 (1488 968.841980 48 ) (1583.534912 1024 48 ) (1583.534912 1024 127 ) (1488 968.841980 127 ) 
4 91 94 (1583.534912 1024 172 ) (1024 700.948975 172 ) (1024 700.948975 127 ) (1583.534912 1024 127 ) 
4 91 93 (1391.008789 912.842896 48 ) (1024 700.946899 48 ) (1024 773.747437 48 ) (1359.481323 967.451904 48 ) 
4 91 92 (1583.535400 1024 48 ) (1467.218628 956.843384 48 ) (1435.689941 1011.454224 48 ) (1457.418213 1024 48 ) 
4 92 97 (1457.416504 1024 48 ) (1457.416504 1024 0 ) (1453.399658 1021.680725 0 ) (1453.399658 1021.680725 48 ) 
4 92 95 (1488 968.841980 0 ) (1583.534912 1024 0 ) (1583.534912 1024 48 ) (1488 968.841980 48 ) 
4 93 154 (1024 773.747559 0 ) (1024 700.947449 0 ) (1024 700.947449 48 ) (1024 773.747559 48 ) 
4 93 100 (1342.549683 957.676697 0 ) (1024 773.748535 0 ) (1024 773.748535 48 ) (1342.549683 957.676697 48 ) 
4 93 96 (1024 700.948975 48 ) (1024 700.948975 0 ) (1377.149414 904.841980 0 ) (1377.149536 904.842041 48 ) 
4 94 154 (1024 672 127 ) (1024 672 172 ) (1024 700.947449 172 ) (1024 700.947449 127 ) 
4 94 106 (1024 672 128 ) (1024 672 127 ) (1280 672 127 ) (1280 672 128 ) 
4 94 101 (1664 672 127 ) (1664 672 172 ) (1504 672 172 ) (1504 672 127 ) 
4 94 96 (1511.580811 672 127 ) (1024 672 127 ) (1024 700.949036 127 ) (1377.149292 904.842163 127 ) 
5 94 95 (1664 672 127 ) (1659.381104 672 127 ) (1488 968.842163 127 ) (1583.534424 1024 127 ) (1664 1024 127 ) 
4 95 102 (1659.381104 672 0 ) (1664 672 0 ) (1664 672 127 ) (1659.381104 672 127 ) 
4 96 154 (1024 700.947449 0 ) (1024 672 0 ) (1024 672 127 ) (1024 700.947449 127 ) 
4 96 106 (1024 672 0 ) (1280 672 0 ) (1280 672 127 ) (1024 672 127 ) 
4 96 103 (1504 672 0 ) (1511.580811 672 0 ) (1511.580811 672 127 ) (1504 672 127 ) 
4 97 98 (1453.400391 1021.677734 127.002075 ) (1453.400391 1021.677734 512 ) (1452.059448 1024 512 ) (1452.059570 1024 124.320374 ) 
4 98 154 (1024 800 104.276344 ) (1024 773.747559 127.013306 ) (1024 773.747559 512 ) (1024 800 512 ) 
5 98 151 (1024 864 59.462128 ) (1024 847.658325 63 ) (1024 800 104.276344 ) (1024 800 512 ) (1024 864 512 ) 
4 98 148 (1024 1024 112 ) (1024 1024 24.823303 ) (1024 864 59.462128 ) (1024 864 112 ) 
4 98 147 (1024 1024 512 ) (1024 1024 112 ) (1024 864 112 ) (1024 864 512 ) 
4 98 100 (1024 847.657715 63 ) (1024 1024 24.823677 ) (1304.256836 1024 59.853985 ) (1310.550415 1013.099609 63 ) 
4 98 99 (1024 847.660828 63.001030 ) (1310.548950 1013.101807 63.001045 ) (1342.550049 957.676025 127.006683 ) (1024 773.747559 127.016548 ) 
4 99 154 (1024 800 73.317657 ) (1024 773.747559 79.001122 ) (1024 773.747559 127.013306 ) (1024 800 104.276352 ) 
3 99 151 (1024 847.658325 63 ) (1024 800 73.317657 ) (1024 800 104.276352 ) 
4 99 100 (1342.549805 957.676514 78.998901 ) (1024 773.748169 79.001366 ) (1024 847.657715 63 ) (1310.550415 1013.099609 63 ) 
4 100 154 (1024 800 0 ) (1024 773.747559 0 ) (1024 773.747559 79.001122 ) (1024 800 73.317657 ) 
4 100 151 (1024 864 0 ) (1024 800 0 ) (1024 800 73.317657 ) (1024 864 59.462128 ) 
4 100 148 (1024 1024 24.823303 ) (1024 1024 0 ) (1024 864 0 ) (1024 864 59.462128 ) 
4 101 104 (1664 592.992188 127 ) (1557.195923 592.992188 127 ) (1553.150024 600 127 ) (1664 664 127 ) 
4 101 103 (1557.195923 592.992188 127 ) (1504 592.992188 127 ) (1504 672 127 ) (1511.580811 672 127 ) 
3 101 102 (1659.381104 672 127 ) (1664 672 127 ) (1664 664 127 ) 
4 103 110 (1504 384 0 ) (1664 384 0 ) (1664 384 7.973495 ) (1504 384 7.973511 ) 
5 103 104 (1553.149536 600 127 ) (1557.195313 592.992188 127 ) (1664 408 21.640732 ) (1664 408 0 ) (1553.149414 600 0 ) 
4 105 109 (1664 384 17.426510 ) (1664 384 184 ) (1504 384 184 ) (1504 384 17.426483 ) 
4 105 108 (1664 384 384 ) (1664 384 512 ) (1504 384 512 ) (1504 384 384 ) 
4 106 107 (1024 640 0 ) (1280 640 0 ) (1280 640 128 ) (1024 640 128 ) 
4 107 184 (1024 512 0 ) (1024 384 0 ) (1024 384 128 ) (1024 512 128 ) 
4 107 183 (1024 640 0 ) (1024 512 0 ) (1024 512 128 ) (1024 640 128 ) 
4 107 178 (1024 384 128 ) (1024 384 384 ) (1024 640 384 ) (1024 640 128 ) 
4 107 170 (1024 384 384 ) (1024 384 448 ) (1024 640 448 ) (1024 640 384 ) 
4 107 165 (1024 384 448 ) (1024 384 512 ) (1024 640 512 ) (1024 640 448 ) 
4 107 108 (1024 384 512 ) (1024 384 384 ) (1472 384 384 ) (1472 384 512 ) 
4 108 170 (1024 352 384 ) (1024 352 448 ) (1024 384 448 ) (1024 384 384 ) 
4 108 168 (1024 352 448 ) (1024 352 1024 ) (1024 384 1024 ) (1024 384 448 ) 
4 108 112 (1024 352 1024 ) (1024 352 384 ) (1664 352 384 ) (1664 352 1024 ) 
4 109 116 (1504 352 0 ) (1664 352 0 ) (1664 352 184 ) (1504 352 184 ) 
4 111 130 (1921.939941 0 1024 ) (1920 0 1024 ) (1920 0 224 ) (1921.939941 0 224 ) 
4 111 118 (1921.939941 0 224 ) (1920 0 224 ) (1920 160 224 ) (1921.939941 160 224 ) 
4 111 115 (1920 160 224 ) (1920 352 224 ) (1921.939941 352 224 ) (1921.939941 160 224 ) 
4 111 114 (1920 32 224 ) (1920 0 224 ) (1920 0 256 ) (1920 32 256 ) 
4 111 113 (1920 128 224 ) (1920 32 224 ) (1920 32 256 ) (1920 128 256 ) 
4 111 112 (1920 0 256 ) (1920 0 1024 ) (1920 352 1024 ) (1920 352 256 ) 
4 112 185 (1024 0 256 ) (1024 0 1024 ) (1024 352 1024 ) (1024 352 256 ) 
4 112 131 (1440 0 1024 ) (1024 0 1024 ) (1024 0 256 ) (1440 0 256 ) 
4 112 130 (1920 0 1024 ) (1440 0 1024 ) (1440 0 256 ) (1920 0 256 ) 
4 112 114 (1440 32 256 ) (1920 32 256 ) (1920 0 256 ) (1440 0 256 ) 
4 112 113 (1024 32 256 ) (1024 128 256 ) (1920 128 256 ) (1920 32 256 ) 
4 113 120 (1024 32 224 ) (1024 128 224 ) (1440 128 224 ) (1440 32 224 ) 
4 113 119 (1440 128 224 ) (1920 128 224 ) (1920 32 224 ) (1440 32 224 ) 
4 113 114 (1440 32 224 ) (1920 32 224 ) (1920 32 256 ) (1440 32 256 ) 
4 114 130 (1440 0 224 ) (1920 0 224 ) (1920 0 256 ) (1440 0 256 ) 
4 114 119 (1920 0 224 ) (1440 0 224 ) (1440 32 224 ) (1920 32 224 ) 
4 115 121 (1920 352 0 ) (1921.939941 352 0 ) (1921.939941 160 0 ) (1920 160 0 ) 
4 115 118 (1920 160 0 ) (1921.939941 160 0 ) (1921.939941 160 224 ) (1920 160 224 ) 
4 116 117 (1088 224 224 ) (1088 352 224 ) (1088 352 0 ) (1088 224 0 ) 
4 117 186 (1024 352 0 ) (1024 224 0 ) (1024 224 224 ) (1024 352 224 ) 
4 118 133 (1921.939941 0 224 ) (1920 0 224 ) (1920 0 0 ) (1921.939941 0 0 ) 
4 118 121 (1921.939941 0 0 ) (1920 0 0 ) (1920 160 0 ) (1921.939941 160 0 ) 
4 118 119 (1920 128 0 ) (1920 0 0 ) (1920 0 224 ) (1920 128 224 ) 
4 119 133 (1920 0 224 ) (1440 0 224 ) (1440 0 0 ) (1920 0 0 ) 
4 119 120 (1440 128 224 ) (1440 128 0 ) (1440 32 0 ) (1440 32 224 ) 
4 121 136 (1921.939941 0 0 ) (1920 0 0 ) (1920 0 -64 ) (1921.939941 0 -64 ) 
4 121 122 (1920 1024 -64 ) (1921.939941 1024 -64 ) (1921.939941 0 -64 ) (1920 0 -64 ) 
4 122 137 (1921.939941 0 -64 ) (1440 0 -64 ) (1440 0 -256 ) (1921.939941 0 -256 ) 
4 122 128 (1921.939941 0 -256 ) (1504 0 -256 ) (1504 1024 -256 ) (1921.939941 1024 -256 ) 
4 122 123 (1440 1024 -256 ) (1440 288 -256 ) (1440 288 -64 ) (1440 1024 -64 ) 
4 123 124 (1408 1024 -256 ) (1408 288 -256 ) (1408 288 -64 ) (1408 1024 -64 ) 
4 125 140 (1248 0 -64 ) (1216 0 -64 ) (1216 0 -256 ) (1248 0 -256 ) 
4 125 139 (1408 0 -64 ) (1248 0 -64 ) (1248 0 -256 ) (1408 0 -256 ) 
4 125 126 (1216 256 -256 ) (1216 0 -256 ) (1216 0 -64 ) (1216 256 -64 ) 
4 126 140 (1216 0 -64 ) (1184 0 -64 ) (1184 0 -256 ) (1216 0 -256 ) 
4 126 127 (1184 256 -256 ) (1184 0 -256 ) (1184 0 -64 ) (1184 256 -64 ) 
4 127 202 (1024 1024 -64 ) (1024 1024 -256 ) (1024 32 -256 ) (1024 32 -64 ) 
4 127 140 (1184 0 -64 ) (1024 0 -64 ) (1024 0 -256 ) (1184 0 -256 ) 
4 128 143 (1921.939941 0 -256 ) (1504 0 -256 ) (1504 0 -1024 ) (1921.939941 0 -1024 ) 
4 128 129 (1504 1024 -1024 ) (1504 0 -1024 ) (1504 0 -384 ) (1504 1024 -384 ) 
4 129 205 (1024 1024 -384 ) (1024 1024 -1024 ) (1024 0 -1024 ) (1024 0 -384 ) 
4 129 144 (1024 0 -384 ) (1024 0 -1024 ) (1504 0 -1024 ) (1504 0 -384 ) 
4 130 146 (1921.939941 -1024 1024 ) (1440 -1024 1024 ) (1440 -1024 224 ) (1921.939941 -1024 224 ) 
4 130 133 (1440 0 224 ) (1921.939941 0 224 ) (1921.939941 -1024 224 ) (1440 -1024 224 ) 
4 130 131 (1440 -416 256 ) (1440 -416 1024 ) (1440 0 1024 ) (1440 0 256 ) 
4 130 132 (1440 -416 224 ) (1440 -1024 224 ) (1440 -1024 1024 ) (1440 -416 1024 ) 
4 131 248 (1024 -416 1024 ) (1024 0 1024 ) (1024 0 256 ) (1024 -416 256 ) 
4 131 132 (1440 -416 256 ) (1440 -416 1024 ) (1024 -416 1024 ) (1024 -416 256 ) 
4 132 249 (1024 -1024 224 ) (1024 -1024 256 ) (1024 -448 256 ) (1024 -448 224 ) 
4 132 248 (1024 -1024 256 ) (1024 -1024 1024 ) (1024 -416 1024 ) (1024 -416 256 ) 
4 132 146 (1440 -1024 1024 ) (1024 -1024 1024 ) (1024 -1024 224 ) (1440 -1024 224 ) 
4 132 135 (1024 -1024 224 ) (1024 -416 224 ) (1440 -416 224 ) (1440 -1024 224 ) 
4 133 146 (1921.939941 -1024 224 ) (1440 -1024 224 ) (1440 -1024 0 ) (1921.939941 -1024 0 ) 
4 133 136 (1921.939941 -1024 0 ) (1920 -1024 0 ) (1920 0 0 ) (1921.939941 0 0 ) 
4 133 135 (1440 -416 0 ) (1440 -1024 0 ) (1440 -1024 224 ) (1440 -416 224 ) 
4 134 250 (1024 -224 128 ) (1024 -224 0 ) (1024 -384 0 ) (1024 -384 128 ) 
4 134 141 (1024 -384 0 ) (1024 -224 0 ) (1408 -224 0 ) (1408 -384 0 ) 
4 134 139 (1248 0 0 ) (1408 0 0 ) (1408 -224 0 ) (1248 -224 0 ) 
4 135 254 (1024 -1024 0 ) (1024 -1024 224 ) (1024 -448 224 ) (1024 -448 0 ) 
4 135 146 (1440 -1024 224 ) (1024 -1024 224 ) (1024 -1024 0 ) (1440 -1024 0 ) 
4 136 146 (1921.939941 -1024 0 ) (1920 -1024 0 ) (1920 -1024 -64 ) (1921.939941 -1024 -64 ) 
4 136 137 (1920 0 -64 ) (1921.939941 0 -64 ) (1921.939941 -1024 -64 ) (1920 -1024 -64 ) 
4 137 146 (1921.939941 -1024 -64 ) (1440 -1024 -64 ) (1440 -1024 -256 ) (1921.939941 -1024 -256 ) 
4 137 145 (1504 -448 -256 ) (1504 -1024 -256 ) (1440 -1024 -256 ) (1440 -448 -256 ) 
4 137 143 (1504 0 -256 ) (1921.939941 0 -256 ) (1921.939941 -1024 -256 ) (1504 -1024 -256 ) 
4 137 138 (1440 -416 -256 ) (1440 -1024 -256 ) (1440 -1024 -64 ) (1440 -416 -64 ) 
4 138 146 (1440 -1024 -64 ) (1408 -1024 -64 ) (1408 -1024 -256 ) (1440 -1024 -256 ) 
4 138 145 (1440 -448 -256 ) (1440 -1024 -256 ) (1408 -1024 -256 ) (1408 -448 -256 ) 
4 138 142 (1408 -416 -256 ) (1408 -1024 -256 ) (1408 -1024 -64 ) (1408 -416 -64 ) 
4 139 141 (1408 -224 -128 ) (1408 -224 0 ) (1248 -224 0 ) (1248 -224 -128 ) 
4 139 140 (1248 0 -256 ) (1248 -224 -128 ) (1248 -224 -64 ) (1248 0 -64 ) 
3 140 141 (1248 -224 -128 ) (1248 -224 -64 ) (1136 -224 -64 ) 
4 142 275 (1024 -1024 -256 ) (1024 -1024 -64 ) (1024 -416 -64 ) (1024 -416 -256 ) 
4 142 146 (1024 -1024 -64 ) (1024 -1024 -256 ) (1408 -1024 -256 ) (1408 -1024 -64 ) 
4 142 145 (1024 -1024 -256 ) (1024 -448 -256 ) (1408 -448 -256 ) (1408 -1024 -256 ) 
4 143 146 (1921.939941 -1024 -256 ) (1504 -1024 -256 ) (1504 -1024 -1024 ) (1921.939941 -1024 -1024 ) 
4 143 144 (1504 0 -1024 ) (1504 -448 -1024 ) (1504 -448 -384 ) (1504 0 -384 ) 
4 143 145 (1504 -448 -1024 ) (1504 -1024 -1024 ) (1504 -1024 -256 ) (1504 -448 -256 ) 
4 144 279 (1024 0 -384 ) (1024 0 -1024 ) (1024 -448 -1024 ) (1024 -448 -384 ) 
4 144 145 (1024 -448 -1024 ) (1504 -448 -1024 ) (1504 -448 -384 ) (1024 -448 -384 ) 
4 145 279 (1024 -1024 -1024 ) (1024 -1024 -384 ) (1024 -448 -384 ) (1024 -448 -1024 ) 
4 145 277 (1024 -1024 -384 ) (1024 -1024 -256 ) (1024 -448 -256 ) (1024 -448 -384 ) 
4 145 146 (1504 -1024 -256 ) (1024 -1024 -256 ) (1024 -1024 -1024 ) (1504 -1024 -1024 ) 
4 146 334 (1024 -1024.969971 1024 ) (1024 -1024 1024 ) (1024 -1024 -1024 ) (1024 -1024.969971 -1024 ) 
4 147 155 (608 864 512 ) (608 864 1024 ) (608 1024 1024 ) (608 1024 512 ) 
4 147 152 (736 864 112 ) (832 864 112 ) (832 864 512 ) (736 864 512 ) 
4 147 151 (832 864 112 ) (1024 864 112 ) (1024 864 512 ) (832 864 512 ) 
4 147 153 (608 864 512 ) (608 864 112 ) (736 864 112 ) (736 864 512 ) 
4 147 150 (608 864 1024 ) (608 864 512 ) (1024 864 512 ) (1024 864 1024 ) 
4 147 148 (1024 864 112 ) (832 864 112 ) (832 1024 112 ) (1024 1024 112 ) 
4 147 149 (736 864 112 ) (608 864 112 ) (608 1024 112 ) (736 1024 112 ) 
4 148 151 (832 864 0 ) (1024 864 0 ) (1024 864 112 ) (832 864 112 ) 
4 149 153 (608 864 112 ) (608 864 0 ) (736 864 0 ) (736 864 112 ) 
4 150 165 (1024 640 512 ) (1024 640 1024 ) (608 640 1024 ) (608 640 512 ) 
4 150 155 (608 640 512 ) (608 640 1024 ) (608 864 1024 ) (608 864 512 ) 
4 150 154 (608 672 512 ) (608 800 512 ) (1024 800 512 ) (1024 672 512 ) 
4 150 152 (736 864 512 ) (832 864 512 ) (832 800 512 ) (736 800 512 ) 
4 150 151 (832 864 512 ) (1024 864 512 ) (1024 800 512 ) (832 800 512 ) 
4 150 153 (608 800 512 ) (608 864 512 ) (736 864 512 ) (736 800 512 ) 
4 151 154 (1024 800 512 ) (832 800 512 ) (832 800 0 ) (1024 800 0 ) 
4 151 152 (832 800 52 ) (832 800 512 ) (832 864 512 ) (832 864 52 ) 
4 152 154 (832 800 512 ) (736 800 512 ) (736 800 52 ) (832 800 52 ) 
4 152 153 (736 800 52 ) (736 800 512 ) (736 864 512 ) (736 864 52 ) 
4 153 154 (736 800 512 ) (608 800 512 ) (608 800 0 ) (736 800 0 ) 
4 155 165 (608 640 512 ) (608 640 1024 ) (416 640 1024 ) (416 640 512 ) 
4 155 157 (416 1024 1024 ) (416 1024 512 ) (416 640 512 ) (416 640 1024 ) 
4 155 156 (416 640 512 ) (416 1024 512 ) (576 1024 512 ) (576 640 512 ) 
4 156 178 (416 640 384 ) (416 640 128 ) (576 640 128 ) (576 640 384 ) 
4 156 171 (416 640 448 ) (416 640 384 ) (576 640 384 ) (576 640 448 ) 
4 156 165 (576 640 512 ) (416 640 512 ) (416 640 448 ) (576 640 448 ) 
4 156 163 (416 896 128 ) (416 736 128 ) (416 736 512 ) (416 896 512 ) 
4 156 162 (416 1024 512 ) (416 1024 128 ) (416 960 128 ) (416 960 512 ) 
4 157 165 (416 640 512 ) (416 640 1024 ) (1 640 1024 ) (1 640 512 ) 
4 157 164 (1 1024 512 ) (288 1024 512 ) (288 672 512 ) (1 672 512 ) 
4 157 163 (416 896 512 ) (416 736 512 ) (352 736 512 ) (352 896 512 ) 
4 157 162 (352 1024 512 ) (416 1024 512 ) (416 960 512 ) (352 960 512 ) 
4 157 161 (1 704 512 ) (1 640 512 ) (1 640 513.205994 ) (1 704 545.406982 ) 
3 157 160 (1 640 532.693604 ) (1 640 553 ) (1 680 553 ) 
4 157 159 (1 640 553 ) (1 640 1024 ) (1 704 1024 ) (1 704 553 ) 
4 157 158 (1 1024 512 ) (1 704 512 ) (1 704 1024 ) (1 1024 1024 ) 
4 158 206 (0 1024 1024 ) (0 1024 512 ) (0 704 512 ) (0 704 1024 ) 
4 158 164 (0 1024 512 ) (1 1024 512 ) (1 704 512 ) (0 704 512 ) 
4 158 161 (0 704 512 ) (1 704 512 ) (1 704 545.406982 ) (0 704 545.406982 ) 
4 158 159 (1 704 553 ) (1 704 1024 ) (0 704 1024 ) (0 704 553 ) 
4 159 207 (0 640 553 ) (0 640 1024 ) (0 704 1024 ) (0 704 553 ) 
4 159 166 (1 640 1024 ) (0 640 1024 ) (0 640 553 ) (1 640 553 ) 
4 159 160 (1 680 553 ) (1 640 553 ) (0 640 553 ) (0 680 553 ) 
3 160 211 (0 640 532.693604 ) (0 640 553 ) (0 680 553 ) 
4 160 166 (0 640 553 ) (0 640 532.693604 ) (1 640 532.693604 ) (1 640 553 ) 
4 161 209 (0 672 512 ) (0 640 512 ) (0 640 513.205994 ) (0 672 529.306519 ) 
4 161 208 (0 704 512 ) (0 672 512 ) (0 672 529.306519 ) (0 704 545.406982 ) 
4 161 167 (0 640 513.205994 ) (0 640 512 ) (1 640 512 ) (1 640 513.205994 ) 
4 161 164 (1 704 512 ) (1 672 512 ) (0 672 512 ) (0 704 512 ) 
4 164 231 (0 1024 128 ) (0 1024 0 ) (0 672 0 ) (0 672 128 ) 
4 164 208 (0 704 128 ) (0 672 128 ) (0 672 512 ) (0 704 512 ) 
4 164 206 (0 1024 512 ) (0 1024 128 ) (0 704 128 ) (0 704 512 ) 
4 165 175 (1 640 448 ) (64 640 448 ) (64 384 448 ) (1 384 448 ) 
4 165 173 (64 640 448 ) (416 640 448 ) (416 384 448 ) (64 384 448 ) 
4 165 171 (416 640 448 ) (800 640 448 ) (800 384 448 ) (416 384 448 ) 
4 165 170 (800 640 448 ) (1024 640 448 ) (1024 384 448 ) (800 384 448 ) 
4 165 169 (800 384 512 ) (800 384 1024 ) (1 384 1024 ) (1 384 512 ) 
4 165 168 (800 384 448 ) (1024 384 448 ) (1024 384 1024 ) (800 384 1024 ) 
3 165 167 (1 640 448 ) (1 510.402100 448 ) (1 640 513.205933 ) 
5 165 166 (1 473.168762 448 ) (1 384 448 ) (1 384 1024 ) (1 640 1024 ) (1 640 532.693604 ) 
5 166 211 (0 640 553 ) (0 640 532.693604 ) (0 473.168762 448 ) (0 384 448 ) (0 384 553 ) 
4 166 207 (0 384 1024 ) (0 640 1024 ) (0 640 553 ) (0 384 553 ) 
4 166 176 (0 384 448 ) (0 473.168762 448 ) (1 473.168762 448 ) (1 384 448 ) 
4 166 169 (1 384 512 ) (1 384 1024 ) (0 384 1024 ) (0 384 512 ) 
3 167 210 (0 640 513.205933 ) (0 640 448 ) (0 510.402100 448 ) 
4 167 177 (0 510.402100 448 ) (0 640 448 ) (1 640 448 ) (1 510.402100 448 ) 
4 168 185 (800 352 448 ) (1024 352 448 ) (1024 352 1024 ) (800 352 1024 ) 
4 168 170 (1024 352 448 ) (800 352 448 ) (800 384 448 ) (1024 384 448 ) 
4 168 169 (800 384 1024 ) (800 384 512 ) (800 352 512 ) (800 352 1024 ) 
4 169 216 (0 352 512 ) (0 352 1024 ) (0 384 1024 ) (0 384 512 ) 
4 169 189 (0 352 1024 ) (0 352 512 ) (768 352 512 ) (768 352 1024 ) 
4 169 185 (768 352 512 ) (800 352 512 ) (800 352 1024 ) (768 352 1024 ) 
4 170 185 (800 352 384 ) (1024 352 384 ) (1024 352 448 ) (800 352 448 ) 
4 170 178 (800 384 384 ) (800 640 384 ) (1024 640 384 ) (1024 384 384 ) 
4 170 171 (800 640 384 ) (800 384 384 ) (800 384 448 ) (800 640 448 ) 
4 171 178 (416 384 384 ) (416 640 384 ) (800 640 384 ) (800 384 384 ) 
5 171 173 (416 384 447.172363 ) (416 384 448 ) (416 640 448 ) (416 640 432 ) (416 424 432 ) 
3 171 172 (416 384 432 ) (416 384 444.965546 ) (416 418.182007 432 ) 
4 171 174 (416 640 384 ) (416 384 384 ) (416 384 432 ) (416 640 432 ) 
4 172 190 (416 352 432 ) (416 352 448 ) (64 352 448 ) (64 352 432 ) 
3 172 175 (64 384 444.965576 ) (64 418.182068 432 ) (64 384 432 ) 
4 172 174 (64 352 432 ) (64 418.182098 432 ) (416 418.182068 432 ) (416 352 432 ) 
5 173 175 (64 384 448 ) (64 640 448 ) (64 640 432 ) (64 424 432 ) (64 384 447.172363 ) 
4 173 174 (64 424 432 ) (64 640 432 ) (416 640 432 ) (416 424 432 ) 
4 174 190 (64 352 384 ) (416 352 384 ) (416 352 432 ) (64 352 432 ) 
4 174 179 (192 640 384 ) (280 640 384 ) (280 560 384 ) (192 560 384 ) 
4 174 180 (280 560 384 ) (280 384 384 ) (192 384 384 ) (192 560 384 ) 
4 174 178 (280 640 384 ) (416 640 384 ) (416 384 384 ) (280 384 384 ) 
4 174 181 (64 384 384 ) (64 640 384 ) (192 640 384 ) (192 384 384 ) 
4 174 175 (64 640 384 ) (64 384 384 ) (64 384 432 ) (64 640 432 ) 
4 175 181 (1 384 384 ) (1 640 384 ) (64 640 384 ) (64 384 384 ) 
5 175 177 (1 640 384 ) (1 384 384 ) (1 384 384.401978 ) (1 510.402100 448 ) (1 640 448 ) 
3 175 176 (1 384 402.732574 ) (1 384 448 ) (1 473.168762 448 ) 
3 176 211 (0 384 448 ) (0 473.168732 448 ) (0 384 402.732574 ) 
5 177 210 (0 510.402100 448 ) (0 640 448 ) (0 640 384 ) (0 384 384 ) (0 384 384.401978 ) 
4 177 181 (0 384 384 ) (0 640 384 ) (1 640 384 ) (1 384 384 ) 
4 178 184 (1024 512 128 ) (1024 384 128 ) (416 384 128 ) (416 512 128 ) 
4 178 183 (608 640 128 ) (1024 640 128 ) (1024 512 128 ) (608 512 128 ) 
4 178 182 (411.812988 384 216 ) (280 384 216 ) (280 384 184 ) (411.812988 384 184 ) 
4 178 179 (280 560 240 ) (280 560 384 ) (280 640 384 ) (280 640 240 ) 
4 178 180 (280 560 128 ) (280 384 128 ) (280 384 384 ) (280 560 384 ) 
4 179 180 (192 560 384 ) (192 560 240 ) (280 560 240 ) (280 560 384 ) 
4 179 181 (192 560 240 ) (192 560 384 ) (192 640 384 ) (192 640 240 ) 
4 180 182 (280 384 184 ) (280 384 216 ) (192 384 216 ) (192 384 184 ) 
4 180 181 (192 560 128 ) (192 384 128 ) (192 384 384 ) (192 560 384 ) 
4 181 210 (0 384 384 ) (0 640 384 ) (0 640 128 ) (0 384 128 ) 
4 181 182 (192 384 184 ) (192 384 216 ) (0 384 216 ) (0 384 184 ) 
4 182 194 (0 352 216 ) (0 352 184 ) (411.812988 352 184 ) (411.812988 352 216 ) 
5 183 184 (640 512 0 ) (1024 512 0 ) (1024 512 128 ) (608 512 128 ) (608 512 18.285736 ) 
4 185 248 (1024 0 256 ) (1024 0 1024 ) (768 0 1024 ) (768 0 256 ) 
4 185 189 (768 352 1024 ) (768 352 512 ) (768 0 512 ) (768 0 1024 ) 
4 186 187 (992 192 224 ) (992 352 224 ) (992 352 0 ) (992 192 0 ) 
4 187 251 (992 0 224 ) (800 0 224 ) (800 0 0 ) (992 0 0 ) 
4 187 188 (800 128 192 ) (800 128 0 ) (800 0 0 ) (800 0 192 ) 
4 188 252 (768 0 192 ) (768 0 0 ) (800 0 0 ) (800 0 192 ) 
4 188 194 (768 0 1 ) (768 0 192 ) (768 128 192 ) (768 128 1 ) 
4 188 201 (768 128 0 ) (768 0 0 ) (768 0 1 ) (768 128 1 ) 
4 189 255 (0 0 1024 ) (0 0 512 ) (768 0 512 ) (768 0 1024 ) 
4 189 226 (0 224 1024 ) (0 256 1024 ) (0 256 512 ) (0 224 512 ) 
4 189 227 (0 0 512 ) (0 0 1024 ) (0 224 1024 ) (0 224 512 ) 
4 189 220 (0 256 1024 ) (0 352 1024 ) (0 352 512 ) (0 256 512 ) 
4 189 191 (0 352 512 ) (1 352 512 ) (1 224 512 ) (0 224 512 ) 
4 189 193 (1 224 512 ) (1 0 512 ) (0 0 512 ) (0 224 512 ) 
4 189 190 (1 352 512 ) (672 352 512 ) (672 0 512 ) (1 0 512 ) 
3 190 257 (672 0 320 ) (672 0 512 ) (480 0 512 ) 
4 190 256 (1 0 320 ) (672 0 320 ) (480 0 512 ) (1 0 512 ) 
3 190 195 (523.712769 0 320 ) (1 0 320 ) (1 301.788727 320 ) 
5 190 194 (1 352 320 ) (672 352 320 ) (672 0 320 ) (523.712769 0 320 ) (1 301.788727 320 ) 
3 190 192 (1 352 320 ) (1 256 320 ) (1 352 368.301514 ) 
4 190 191 (1 224 321.506958 ) (1 224 512 ) (1 352 512 ) (1 352 386.487457 ) 
4 190 193 (1 224 320 ) (1 0 320 ) (1 0 512 ) (1 224 512 ) 
4 191 226 (0 224 512 ) (0 256 512 ) (0 256 337.752075 ) (0 224 321.506958 ) 
4 191 220 (0 256 512 ) (0 352 512 ) (0 352 386.487457 ) (0 256 337.752075 ) 
4 191 193 (1 224 321.506958 ) (1 224 512 ) (0 224 512 ) (0 224 321.506958 ) 
3 192 221 (0 352 368.301514 ) (0 352 320 ) (0 256 320 ) 
4 192 195 (0 256 320 ) (0 302.366089 320 ) (1 301.788727 320 ) (1 256 320 ) 
4 192 194 (0 302.366089 320 ) (0 352 320 ) (1 352 320 ) (1 301.788727 320 ) 
4 193 256 (0 0 512 ) (0 0 320 ) (1 0 320 ) (1 0 512 ) 
4 193 227 (0 0 320 ) (0 0 512 ) (0 224 512 ) (0 224 320 ) 
4 193 195 (0 0 320 ) (0 224 320 ) (1 224 320 ) (1 0 320 ) 
4 194 263 (523.712769 0 1 ) (768 0 1 ) (768 0 128 ) (523.712769 0 128 ) 
5 194 256 (768 0 128 ) (768 0 224 ) (672 0 320 ) (523.712769 0 320 ) (523.712769 0 128 ) 
4 194 200 (496 16 1 ) (523.713135 0 1 ) (523.714600 0 128 ) (496 16 128 ) 
4 194 199 (218.872040 176 1 ) (246.584991 160 1 ) (246.585419 160 128 ) (218.872437 176 128 ) 
4 194 198 (0 302.365906 1 ) (108.020988 240 1 ) (108.021133 240 48 ) (0 302.366028 16.816750 ) 
4 194 197 (163.446335 208 64 ) (218.872437 176 128 ) (0 302.366913 128 ) (0 302.366028 16.816750 ) 
4 194 195 (523.714600 0 128 ) (523.716858 0 320 ) (0 302.368408 320 ) (0 302.366913 128 ) 
5 194 201 (0 352 1 ) (768 352 1 ) (768 0 1 ) (523.712769 0 1 ) (0 302.366089 1 ) 
4 195 256 (0 0 320 ) (0 0 128 ) (523.712769 0 128 ) (523.712769 0 320 ) 
4 195 228 (0 0 128 ) (0 0 320 ) (0 256 320 ) (0 256 128 ) 
3 195 200 (496 16 128 ) (523.713135 0 128 ) (486.762390 0 128 ) 
4 195 199 (218.872055 176 128 ) (246.584991 160 128 ) (182.585007 49.148701 128 ) (154.872147 65.148743 128 ) 
4 195 197 (0 302.365906 128 ) (218.872055 176 128 ) (154.872147 65.148743 128 ) (0 154.564331 128 ) 
3 195 196 (267.712952 0 128 ) (0 0 128 ) (0 154.564331 128 ) 
4 196 262 (0 0 128 ) (0 0 1 ) (267.712952 0 1 ) (267.712952 0 128 ) 
4 196 238 (0 0 1 ) (0 0 128 ) (0 154.564346 128 ) (0 154.564346 1 ) 
4 196 199 (182.585602 49.149731 1 ) (154.872604 65.149857 1 ) (154.872894 65.150009 128 ) (182.585739 49.149956 128 ) 
4 196 198 (44.021191 129.150024 1 ) (0 154.565704 1 ) (0 154.565811 35.292053 ) (44.021252 129.150116 48 ) 
4 196 197 (0 154.565811 35.292053 ) (0 154.566101 128 ) (154.872894 65.150009 128 ) (99.447113 97.149979 64 ) 
3 196 201 (267.712952 0 1 ) (0 0 1 ) (0 154.564346 1 ) 
4 197 238 (0 154.564346 128 ) (0 256 128 ) (0 256 22.612591 ) (0 154.564346 35.292236 ) 
4 197 198 (0 302.362976 16.818409 ) (108.019714 239.997742 48 ) (44.023529 129.154068 48 ) (0 154.571106 35.292191 ) 
4 198 238 (0 256 1 ) (0 154.564346 1 ) (0 154.564346 35.292236 ) (0 256 22.612591 ) 
4 198 201 (44.020607 129.149017 1 ) (0 154.564346 1 ) (0 302.366089 1 ) (108.021034 240 1 ) 
4 199 201 (182.585022 49.148701 1 ) (154.871994 65.148849 1 ) (218.872040 176 1 ) (246.585007 160 1 ) 
4 200 263 (486.762390 0 1 ) (523.712769 0 1 ) (523.712769 0 128 ) (486.762390 0 128 ) 
3 200 201 (523.712769 0 1 ) (486.762390 0 1 ) (496 16 1 ) 
4 201 264 (0 0 1 ) (0 0 0 ) (768 0 0 ) (768 0 1 ) 
4 201 238 (0 256 0 ) (0 0 0 ) (0 0 1 ) (0 256 1 ) 
4 203 276 (768 0 -64 ) (0 0 -64 ) (0 0 -256 ) (768 0 -256 ) 
4 203 247 (0 1024 -64 ) (0 1024 -256 ) (0 0 -256 ) (0 0 -64 ) 
4 203 204 (0 0 -256 ) (0 1024 -256 ) (768 1024 -256 ) (768 0 -256 ) 
4 204 278 (768 0 -256 ) (0 0 -256 ) (0 0 -384 ) (768 0 -384 ) 
4 204 247 (0 1024 -256 ) (0 1024 -384 ) (0 0 -384 ) (0 0 -256 ) 
4 204 205 (768 0 -384 ) (0 0 -384 ) (0 1024 -384 ) (768 1024 -384 ) 
4 205 279 (1024 0 -1024 ) (1024 0 -384 ) (0 0 -384 ) (0 0 -1024 ) 
4 205 247 (0 1024 -384 ) (0 1024 -1024 ) (0 0 -1024 ) (0 0 -384 ) 
4 206 321 (-1024 1024 320 ) (-1024 1024 128 ) (-1024 704 128 ) (-1024 704 320 ) 
4 206 315 (-1024 1024 1024 ) (-1024 1024 320 ) (-1024 704 320 ) (-1024 704 1024 ) 
4 206 235 (-800 1024 128 ) (-768 1024 128 ) (-768 704 128 ) (-800 704 128 ) 
4 206 236 (-1024 1024 128 ) (-800 1024 128 ) (-800 704 128 ) (-1024 704 128 ) 
4 206 232 (-768 1024 128 ) (-32 1024 128 ) (-32 704 128 ) (-768 704 128 ) 
4 206 231 (-32 1024 128 ) (0 1024 128 ) (0 704 128 ) (-32 704 128 ) 
4 206 215 (-1024 704 128 ) (-800 704 128 ) (-800 704 545.406982 ) (-1024 704 545.406982 ) 
4 206 213 (-800 704 128 ) (-768 704 128 ) (-768 704 545.406982 ) (-800 704 545.406982 ) 
4 206 208 (-768 704 128 ) (0 704 128 ) (0 704 545.406982 ) (-768 704 545.406982 ) 
4 206 207 (0 704 553 ) (0 704 1024 ) (-1024 704 1024 ) (-1024 704 553 ) 
4 207 316 (-1024 384 553 ) (-1024 384 1024 ) (-1024 704 1024 ) (-1024 704 553 ) 
4 207 217 (-32 384 1024 ) (-1024 384 1024 ) (-1024 384 553 ) (-32 384 553 ) 
4 207 216 (0 384 553 ) (0 384 1024 ) (-32 384 1024 ) (-32 384 553 ) 
4 207 212 (-768 384 553 ) (-1024 384 553 ) (-1024 680 553 ) (-768 680 553 ) 
4 207 211 (0 384 553 ) (-768 384 553 ) (-768 680 553 ) (0 680 553 ) 
4 208 232 (-32 672 128 ) (-768 672 128 ) (-768 704 128 ) (-32 704 128 ) 
4 208 231 (0 704 128 ) (0 672 128 ) (-32 672 128 ) (-32 704 128 ) 
4 208 213 (-768 672 529.306519 ) (-768 704 545.406982 ) (-768 704 128 ) (-768 672 128 ) 
4 208 209 (0 672 529.306641 ) (-768 672 529.306641 ) (-768 672 512 ) (0 672 512 ) 
4 209 214 (-768 640 513.205994 ) (-768 672 529.306519 ) (-768 672 512 ) (-768 640 512 ) 
4 209 210 (0 640 513.208984 ) (-768 640 513.208984 ) (-768 640 512 ) (0 640 512 ) 
4 210 233 (-32 384 128 ) (-768 384 128 ) (-768 640 128 ) (-32 640 128 ) 
4 210 218 (-768 384 128 ) (-32 384 128 ) (-32 384 384.401978 ) (-768 384 384.401978 ) 
3 210 214 (-768 635.615540 511 ) (-768 640 513.205994 ) (-768 640 511 ) 
4 211 217 (-32 384 553 ) (-768 384 553 ) (-768 384 402.732574 ) (-32 384 402.732574 ) 
4 211 216 (0 384 512 ) (0 384 553 ) (-32 384 553 ) (-32 384 512 ) 
3 211 212 (-768 384 402.732574 ) (-768 384 553 ) (-768 680 553 ) 
3 212 317 (-1024 384 402.732574 ) (-1024 384 553 ) (-1024 680 553 ) 
4 212 217 (-768 384 402.732574 ) (-768 384 553 ) (-1024 384 553 ) (-1024 384 402.732574 ) 
4 213 235 (-800 672 128 ) (-800 704 128 ) (-768 704 128 ) (-768 672 128 ) 
4 213 215 (-800 704 545.406982 ) (-800 704 128 ) (-800 672 128 ) (-800 672 529.306519 ) 
4 213 214 (-800 672 529.306519 ) (-800 672 511 ) (-768 672 511 ) (-768 672 529.306519 ) 
3 214 215 (-800 672 529.306519 ) (-800 672 511 ) (-800 635.615540 511 ) 
4 215 321 (-1024 704 128 ) (-1024 384 128 ) (-1024 384 320 ) (-1024 704 320 ) 
4 215 318 (-1024 384 320 ) (-1024 384 384.401978 ) (-1024 704 545.406982 ) (-1024 704 320 ) 
4 215 236 (-800 384 128 ) (-1024 384 128 ) (-1024 704 128 ) (-800 704 128 ) 
4 215 219 (-1024 384 128 ) (-800 384 128 ) (-800 384 384.401978 ) (-1024 384 384.401978 ) 
4 216 220 (0 352 512 ) (0 352 1024 ) (-32 352 1024 ) (-32 352 512 ) 
4 216 217 (-32 384 1024 ) (-32 384 512 ) (-32 352 512 ) (-32 352 1024 ) 
4 217 317 (-1024 352 386.487488 ) (-1024 352 553 ) (-1024 384 553 ) (-1024 384 402.732605 ) 
4 217 316 (-1024 352 553 ) (-1024 352 1024 ) (-1024 384 1024 ) (-1024 384 553 ) 
4 217 220 (-32 352 386.487488 ) (-32 352 1024 ) (-1024 352 1024 ) (-1024 352 386.487488 ) 
4 218 234 (-32 352 128 ) (-768 352 128 ) (-768 384 128 ) (-32 384 128 ) 
4 218 223 (-768 352 128 ) (-32 352 128 ) (-32 352 320 ) (-768 352 320 ) 
4 218 221 (-32 352 320 ) (-32 352 368.301514 ) (-768 352 368.301483 ) (-768 352 320 ) 
4 219 321 (-1024 384 128 ) (-1024 352 128 ) (-1024 352 320 ) (-1024 384 320 ) 
4 219 318 (-1024 352 320 ) (-1024 352 368.301514 ) (-1024 384 384.401978 ) (-1024 384 320 ) 
4 219 236 (-800 352 128 ) (-1024 352 128 ) (-1024 384 128 ) (-800 384 128 ) 
4 219 224 (-1024 352 128 ) (-800 352 128 ) (-800 352 320 ) (-1024 352 320 ) 
4 219 222 (-800 352 320 ) (-800 352 368.301514 ) (-1024 352 368.301483 ) (-1024 352 320 ) 
4 220 317 (-1024 256 337.752075 ) (-1024 256 553 ) (-1024 352 553 ) (-1024 352 386.487427 ) 
4 220 316 (-1024 256 553 ) (-1024 256 1024 ) (-1024 352 1024 ) (-1024 352 553 ) 
4 220 226 (-1024 256 1024 ) (-1024 256 337.752075 ) (0 256 337.752075 ) (0 256 1024 ) 
4 221 223 (-768 288 320 ) (-768 352 320 ) (-32 352 320 ) (-32 288 320 ) 
3 222 318 (-1024 256 320 ) (-1024 352 368.301514 ) (-1024 352 320 ) 
4 222 224 (-1024 288 320 ) (-1024 352 320 ) (-800 352 320 ) (-800 288 320 ) 
4 223 234 (-32 288 128 ) (-768 288 128 ) (-768 352 128 ) (-32 352 128 ) 
4 223 225 (-640 288 128 ) (-384 288 128 ) (-384 288 146.667023 ) (-640 288 146.667023 ) 
4 224 321 (-1024 352 128 ) (-1024 288 128 ) (-1024 288 320 ) (-1024 352 320 ) 
4 224 236 (-800 288 128 ) (-1024 288 128 ) (-1024 352 128 ) (-800 352 128 ) 
4 225 237 (-384 256 128 ) (-640 256 128 ) (-640 288 128 ) (-384 288 128 ) 
4 225 228 (-640 256 128 ) (-384 256 128 ) (-384 256 146.667023 ) (-640 256 146.667023 ) 
4 226 317 (-1024 256 553 ) (-1024 256 337.752075 ) (-1024 224 321.506958 ) (-1024 224 553 ) 
4 226 316 (-1024 224 1024 ) (-1024 256 1024 ) (-1024 256 553 ) (-1024 224 553 ) 
4 226 227 (0 224 321.506958 ) (0 224 1024 ) (-1024 224 1024 ) (-1024 224 321.506958 ) 
4 227 319 (-1024 0 320 ) (-1024 0 1024 ) (-1024 224 1024 ) (-1024 224 320 ) 
4 227 303 (-800 0 1024 ) (-1024 0 1024 ) (-1024 0 320 ) (-800 0 320 ) 
4 227 293 (-768 0 1024 ) (-800 0 1024 ) (-800 0 320 ) (-768 0 320 ) 
4 227 292 (-416 0 1024 ) (-768 0 1024 ) (-768 0 320 ) (-416 0 320 ) 
4 227 289 (-192 0 1024 ) (-416 0 1024 ) (-416 0 320 ) (-192 0 320 ) 
4 227 287 (-192 0 512 ) (-192 0 320 ) (-160 0 320 ) (-160 0 512 ) 
4 227 286 (-160 0 1024 ) (-192 0 1024 ) (-192 0 512 ) (-160 0 512 ) 
4 227 280 (0 0 320 ) (0 0 1024 ) (-160 0 1024 ) (-160 0 320 ) 
4 227 229 (-768 0 320 ) (-800 0 320 ) (-800 224 320 ) (-768 224 320 ) 
4 227 228 (0 224 320 ) (0 0 320 ) (-768 0 320 ) (-768 224 320 ) 
4 227 230 (-800 0 320 ) (-1024 0 320 ) (-1024 224 320 ) (-800 224 320 ) 
4 228 292 (-416 0 320 ) (-768 0 320 ) (-768 0 128 ) (-416 0 128 ) 
4 228 289 (-192 0 320 ) (-416 0 320 ) (-416 0 128 ) (-192 0 128 ) 
4 228 287 (-160 0 320 ) (-192 0 320 ) (-192 0 128 ) (-160 0 128 ) 
4 228 280 (0 0 128 ) (0 0 320 ) (-160 0 320 ) (-160 0 128 ) 
4 228 244 (-768 16 128 ) (-768 64 128 ) (-720 64 128 ) (-720 16 128 ) 
4 228 245 (-720 0 128 ) (-768 0 128 ) (-768 16 128 ) (-720 16 128 ) 
4 228 243 (-352 0 128 ) (-720 0 128 ) (-720 64 128 ) (-352 64 128 ) 
4 228 242 (-768 64 128 ) (-768 128 128 ) (-704 128 128 ) (-704 64 128 ) 
4 228 241 (-768 128 128 ) (-768 256 128 ) (-704 256 128 ) (-704 128 128 ) 
4 228 240 (-704 256 128 ) (-352 256 128 ) (-352 64 128 ) (-704 64 128 ) 
4 228 239 (-352 160 128 ) (-352 256 128 ) (-288 256 128 ) (-288 160 128 ) 
4 228 238 (0 256 128 ) (0 0 128 ) (-288 0 128 ) (-288 256 128 ) 
4 228 229 (-768 0 320 ) (-768 256 320 ) (-768 256 164 ) (-768 0 164 ) 
4 229 293 (-768 0 320 ) (-800 0 320 ) (-800 0 164 ) (-768 0 164 ) 
4 229 230 (-800 0 320 ) (-800 256 320 ) (-800 256 164 ) (-800 0 164 ) 
4 230 322 (-1024 256 128 ) (-1024 0 128 ) (-1024 0 320 ) (-1024 256 320 ) 
4 230 303 (-800 0 320 ) (-1024 0 320 ) (-1024 0 128 ) (-800 0 128 ) 
4 230 246 (-800 0 128 ) (-1024 0 128 ) (-1024 256 128 ) (-800 256 128 ) 
4 231 232 (-32 1024 0 ) (-32 672 0 ) (-32 672 128 ) (-32 1024 128 ) 
4 232 235 (-768 1024 0 ) (-768 672 0 ) (-768 672 128 ) (-768 1024 128 ) 
4 233 234 (-768 384 128 ) (-768 384 0 ) (-384 384 0 ) (-32 384 128 ) 
4 234 237 (-640 288 0 ) (-384 288 0 ) (-384 288 128 ) (-640 288 128 ) 
4 235 236 (-800 1024 0 ) (-800 672 0 ) (-800 672 128 ) (-800 1024 128 ) 
4 236 321 (-1024 1024 128 ) (-1024 1024 0 ) (-1024 288 0 ) (-1024 288 128 ) 
4 237 240 (-640 256 0 ) (-384 256 0 ) (-384 256 128 ) (-640 256 128 ) 
4 238 294 (-192 0 128 ) (-288 0 128 ) (-288 0 0 ) (-192 0 0 ) 
4 238 287 (-160 0 128 ) (-192 0 128 ) (-192 0 0 ) (-160 0 0 ) 
4 238 281 (0 0 0 ) (0 0 127 ) (-128 0 127 ) (-128 0 0 ) 
4 238 283 (-128 0 127 ) (-160 0 127 ) (-160 0 0 ) (-128 0 0 ) 
4 238 280 (0 0 127 ) (0 0 128 ) (-160 0 128 ) (-160 0 127 ) 
4 238 239 (-288 256 128 ) (-288 256 0 ) (-288 160 0 ) (-288 160 128 ) 
4 239 240 (-352 256 128 ) (-352 256 0 ) (-352 160 0 ) (-352 160 128 ) 
4 240 243 (-704 64 0 ) (-352 64 0 ) (-352 64 128 ) (-704 64 128 ) 
4 240 242 (-704 64 80 ) (-704 64 128 ) (-704 128 128 ) (-704 128 80 ) 
4 240 241 (-704 256 128 ) (-704 256 0 ) (-704 128 0 ) (-704 128 128 ) 
4 241 242 (-768 128 128 ) (-768 128 80 ) (-704 128 80 ) (-704 128 128 ) 
4 242 244 (-768 64 128 ) (-768 64 80 ) (-720 64 80 ) (-720 64 128 ) 
4 242 243 (-720 64 80 ) (-704 64 80 ) (-704 64 128 ) (-720 64 128 ) 
4 243 298 (-416 0 128 ) (-720 0 128 ) (-720 0 0 ) (-416 0 0 ) 
4 243 296 (-352 0 128 ) (-416 0 128 ) (-416 0 0 ) (-352 0 0 ) 
4 243 244 (-720 64 128 ) (-720 64 40 ) (-720 16 40 ) (-720 16 128 ) 
4 243 245 (-720 16 0 ) (-720 0 0 ) (-720 0 128 ) (-720 16 128 ) 
4 244 245 (-768 16 128 ) (-768 16 40 ) (-720 16 40 ) (-720 16 128 ) 
4 245 298 (-720 0 128 ) (-768 0 128 ) (-768 0 0 ) (-720 0 0 ) 
4 246 322 (-1024 256 0 ) (-1024 0 0 ) (-1024 0 128 ) (-1024 256 128 ) 
4 246 304 (-848 0 0 ) (-800 0 0 ) (-800 0 40 ) (-848 0 40 ) 
4 246 305 (-1024 0 40 ) (-1024 0 0 ) (-848 0 0 ) (-848 0 40 ) 
4 246 303 (-800 0 128 ) (-1024 0 128 ) (-1024 0 40 ) (-800 0 40 ) 
4 247 326 (-1024 1024 -64 ) (-1024 1024 -1024 ) (-1024 0 -1024 ) (-1024 0 -64 ) 
4 247 313 (-800 0 -64 ) (-1024 0 -64 ) (-1024 0 -160 ) (-800 0 -160 ) 
4 247 311 (-320 0 -64 ) (-800 0 -64 ) (-800 0 -160 ) (-320 0 -160 ) 
4 247 310 (0 0 -160 ) (0 0 -64 ) (-320 0 -64 ) (-320 0 -160 ) 
4 247 314 (0 0 -1024 ) (0 0 -160 ) (-1024 0 -160 ) (-1024 0 -1024 ) 
4 248 334 (1024 -1024 256 ) (1024 -1024 1024 ) (768 -1024 1024 ) (768 -1024 256 ) 
4 248 258 (768 -416 256 ) (768 -1024 256 ) (768 -1024 512 ) (768 -416 512 ) 
4 248 255 (768 0 1024 ) (768 0 512 ) (768 -1024 512 ) (768 -1024 1024 ) 
4 248 249 (768 -1024 256 ) (768 -448 256 ) (1024 -448 256 ) (1024 -1024 256 ) 
4 249 334 (1024 -1024 224 ) (1024 -1024 256 ) (768 -1024 256 ) (768 -1024 224 ) 
4 249 258 (768 -448 224 ) (768 -1024 224 ) (768 -1024 256 ) (768 -448 256 ) 
4 249 254 (1024 -1024 224 ) (768 -1024 224 ) (768 -448 224 ) (1024 -448 224 ) 
4 250 253 (992 -224 0 ) (992 -384 0 ) (992 -384 128 ) (992 -224 128 ) 
4 251 253 (992 -128 0 ) (992 -128 224 ) (800 -128 224 ) (800 -128 0 ) 
4 251 252 (800 0 0 ) (800 -128 0 ) (800 -128 192 ) (800 0 192 ) 
4 252 263 (768 0 128 ) (768 0 1 ) (768 -128 1 ) (768 -128 128 ) 
4 252 264 (768 0 1 ) (768 0 0 ) (768 -128 0 ) (768 -128 1 ) 
4 252 256 (768 0 192 ) (768 0 128 ) (768 -128 128 ) (768 -128 192 ) 
4 254 334 (1024 -1024 0 ) (1024 -1024 224 ) (768 -1024 224 ) (768 -1024 0 ) 
4 254 270 (768 -448 0 ) (768 -1024 0 ) (768 -1024 128 ) (768 -448 128 ) 
4 254 258 (768 -1024 128 ) (768 -1024 224 ) (768 -448 224 ) (768 -448 128 ) 
4 255 334 (0 -1024 1024 ) (0 -1024 512 ) (768 -1024 512 ) (768 -1024 1024 ) 
4 255 284 (0 -448 512 ) (0 -1024 512 ) (0 -1024 1024 ) (0 -448 1024 ) 
4 255 280 (0 0 1024 ) (0 0 512 ) (0 -448 512 ) (0 -448 1024 ) 
4 255 260 (0 -448 512 ) (0 -384 512 ) (352 -384 512 ) (352 -448 512 ) 
4 255 261 (0 -1024 512 ) (0 -480 512 ) (352 -480 512 ) (352 -1024 512 ) 
4 255 259 (384 -480 512 ) (384 -1024 512 ) (352 -1024 512 ) (352 -480 512 ) 
4 255 258 (768 -416 512 ) (768 -1024 512 ) (384 -1024 512 ) (384 -416 512 ) 
4 255 257 (480 0 512 ) (672 0 512 ) (672 -384 512 ) (480 -384 512 ) 
4 255 256 (0 -384 512 ) (0 0 512 ) (480 0 512 ) (480 -384 512 ) 
4 256 280 (0 0 512 ) (0 0 128 ) (0 -384 128 ) (0 -384 512 ) 
4 256 273 (352 -384 128 ) (0 -384 128 ) (0 -288 128 ) (352 -288 128 ) 
4 256 271 (384 -384 128 ) (352 -384 128 ) (352 -288 128 ) (384 -288 128 ) 
4 256 269 (768 -288 128 ) (768 -384 128 ) (384 -384 128 ) (384 -288 128 ) 
4 256 265 (768 -160 128 ) (768 -288 128 ) (0 -288 128 ) (0 -160 128 ) 
5 256 263 (486.762390 0 128 ) (768 0 128 ) (768 -160 128 ) (544.840698 -160 128 ) (432 -94.851288 128 ) 
4 256 262 (0 0 128 ) (267.712952 0 128 ) (544.840698 -160 128 ) (0 -160 128 ) 
4 256 260 (0 -384 128 ) (352 -384 128 ) (352 -384 512 ) (0 -384 512 ) 
4 256 257 (480 -384 512 ) (672 -384 320 ) (672 0 320 ) (480 0 512 ) 
4 258 334 (384 -1024 128 ) (768 -1024 128 ) (768 -1024 512 ) (384 -1024 512 ) 
4 258 270 (768 -416 128 ) (768 -1024 128 ) (384 -1024 128 ) (384 -416 128 ) 
4 258 259 (384 -480 128 ) (384 -1024 128 ) (384 -1024 512 ) (384 -480 512 ) 
4 259 334 (352 -1024 128 ) (384 -1024 128 ) (384 -1024 512 ) (352 -1024 512 ) 
4 259 272 (384 -1024 128 ) (352 -1024 128 ) (352 -480 128 ) (384 -480 128 ) 
4 259 261 (352 -480 128 ) (352 -1024 128 ) (352 -1024 512 ) (352 -480 512 ) 
4 260 280 (0 -384 128 ) (0 -448 128 ) (0 -448 512 ) (0 -384 512 ) 
4 260 273 (0 -448 128 ) (0 -384 128 ) (352 -384 128 ) (352 -448 128 ) 
4 261 334 (0 -1024 512 ) (0 -1024 128 ) (352 -1024 128 ) (352 -1024 512 ) 
4 261 285 (0 -480 128 ) (0 -1024 128 ) (0 -1024 512 ) (0 -480 512 ) 
4 261 274 (352 -1024 128 ) (0 -1024 128 ) (0 -480 128 ) (352 -480 128 ) 
4 262 281 (0 0 127 ) (0 0 1 ) (0 -160 1 ) (0 -160 127 ) 
4 262 280 (0 0 128 ) (0 0 127 ) (0 -160 127 ) (0 -160 128 ) 
4 262 267 (320 -160 47 ) (320 -160 127 ) (192 -160 127 ) (256 -160 63 ) 
4 262 268 (160 -160 1 ) (192 -160 1 ) (192 -160 127 ) (160 -160 127 ) 
4 262 266 (320 -160 1 ) (544.840698 -160 1 ) (544.840698 -160 127 ) (320 -160 127 ) 
4 262 265 (544.840698 -160 128 ) (0 -160 128 ) (0 -160 127 ) (544.840698 -160 127 ) 
4 262 263 (544.843750 -160 128 ) (544.843750 -160 1 ) (432 -94.850006 1 ) (432 -94.850197 128 ) 
4 262 264 (544.840698 -160 1 ) (0 -160 1 ) (0 0 1 ) (267.712952 0 1 ) 
4 263 266 (768 -160 1 ) (768 -160 127 ) (544.840698 -160 127 ) (544.840698 -160 1 ) 
4 263 265 (768 -160 127 ) (768 -160 128 ) (544.840698 -160 128 ) (544.840698 -160 127 ) 
5 263 264 (768 -160 1 ) (544.840698 -160 1 ) (432 -94.851288 1 ) (486.762390 0 1 ) (768 0 1 ) 
4 264 281 (0 0 1 ) (0 0 0 ) (0 -160 0 ) (0 -160 1 ) 
4 264 268 (160 -160 0 ) (192 -160 0 ) (192 -160 1 ) (160 -160 1 ) 
4 264 266 (320 -160 0 ) (768 -160 0 ) (768 -160 1 ) (320 -160 1 ) 
4 265 280 (0 -288 127 ) (0 -288 128 ) (0 -160 128 ) (0 -160 127 ) 
4 265 273 (352 -288 128 ) (0 -288 128 ) (0 -288 127 ) (352 -288 127 ) 
4 265 271 (384 -288 128 ) (352 -288 128 ) (352 -288 127 ) (384 -288 127 ) 
4 265 269 (768 -288 127 ) (768 -288 128 ) (384 -288 128 ) (384 -288 127 ) 
4 265 267 (320 -288 127 ) (192 -288 127 ) (192 -160 127 ) (320 -160 127 ) 
4 265 268 (192 -288 127 ) (160 -288 127 ) (160 -160 127 ) (192 -160 127 ) 
4 265 266 (768 -288 127 ) (320 -288 127 ) (320 -160 127 ) (768 -160 127 ) 
4 266 273 (320 -288 0 ) (352 -288 0 ) (352 -288 127 ) (320 -288 127 ) 
4 266 271 (352 -288 0 ) (384 -288 0 ) (384 -288 127 ) (352 -288 127 ) 
4 266 269 (384 -288 0 ) (768 -288 0 ) (768 -288 127 ) (384 -288 127 ) 
4 266 267 (320 -288 47 ) (320 -288 127 ) (320 -160 127 ) (320 -160 47 ) 
4 267 273 (320 -288 47 ) (320 -288 127 ) (192 -288 127 ) (256 -288 63 ) 
4 268 273 (160 -288 0 ) (192 -288 0 ) (192 -288 127 ) (160 -288 127 ) 
4 269 271 (384 -288 128 ) (384 -288 0 ) (384 -384 0 ) (384 -384 128 ) 
4 270 334 (384 -1024 0 ) (768 -1024 0 ) (768 -1024 128 ) (384 -1024 128 ) 
4 270 272 (384 -480 0 ) (384 -1024 0 ) (384 -1024 128 ) (384 -480 128 ) 
4 271 273 (352 -288 128 ) (352 -288 0 ) (352 -384 0 ) (352 -384 128 ) 
4 272 334 (352 -1024 0 ) (384 -1024 0 ) (384 -1024 128 ) (352 -1024 128 ) 
4 272 274 (352 -480 0 ) (352 -1024 0 ) (352 -1024 128 ) (352 -480 128 ) 
4 273 282 (0 -288 0 ) (0 -448 0 ) (0 -448 127 ) (0 -288 127 ) 
4 273 280 (0 -448 127 ) (0 -448 128 ) (0 -288 128 ) (0 -288 127 ) 
4 274 334 (0 -1024 128 ) (0 -1024 0 ) (352 -1024 0 ) (352 -1024 128 ) 
4 274 285 (0 -480 0 ) (0 -1024 0 ) (0 -1024 128 ) (0 -480 128 ) 
4 275 334 (1024 -1024 -256 ) (1024 -1024 -64 ) (992 -1024 -64 ) (992 -1024 -256 ) 
4 275 277 (1024 -448 -256 ) (1024 -1024 -256 ) (992 -1024 -256 ) (992 -448 -256 ) 
4 275 276 (992 -224 -256 ) (992 -1024 -256 ) (992 -1024 -64 ) (992 -224 -64 ) 
4 276 334 (992 -1024 -64 ) (0 -1024 -64 ) (0 -1024 -256 ) (992 -1024 -256 ) 
4 276 310 (0 0 -64 ) (0 0 -160 ) (0 -1024 -160 ) (0 -1024 -64 ) 
4 276 314 (0 0 -160 ) (0 0 -256 ) (0 -1024 -256 ) (0 -1024 -160 ) 
4 276 277 (992 -448 -256 ) (992 -1024 -256 ) (768 -1024 -256 ) (768 -448 -256 ) 
4 276 278 (0 -1024 -256 ) (0 0 -256 ) (768 0 -256 ) (768 -1024 -256 ) 
4 277 334 (1024 -1024 -384 ) (1024 -1024 -256 ) (768 -1024 -256 ) (768 -1024 -384 ) 
4 277 279 (1024 -1024 -384 ) (768 -1024 -384 ) (768 -448 -384 ) (1024 -448 -384 ) 
4 277 278 (768 -448 -384 ) (768 -1024 -384 ) (768 -1024 -256 ) (768 -448 -256 ) 
4 278 334 (768 -1024 -256 ) (0 -1024 -256 ) (0 -1024 -384 ) (768 -1024 -384 ) 
4 278 314 (0 0 -256 ) (0 0 -384 ) (0 -1024 -384 ) (0 -1024 -256 ) 
4 278 279 (768 -1024 -384 ) (0 -1024 -384 ) (0 0 -384 ) (768 0 -384 ) 
4 279 334 (1024 -1024 -1024 ) (1024 -1024 -384 ) (0 -1024 -384 ) (0 -1024 -1024 ) 
4 279 314 (0 0 -384 ) (0 0 -1024 ) (0 -1024 -1024 ) (0 -1024 -384 ) 
4 280 287 (-160 -384 512 ) (-160 0 512 ) (-160 0 127 ) (-160 -384 127 ) 
4 280 286 (-160 -448 512 ) (-160 -448 1024 ) (-160 0 1024 ) (-160 0 512 ) 
4 280 284 (-160 -448 1024 ) (-160 -448 512 ) (0 -448 512 ) (0 -448 1024 ) 
4 280 281 (-128 -160 127 ) (-128 0 127 ) (0 0 127 ) (0 -160 127 ) 
4 280 282 (0 -448 127 ) (-128 -448 127 ) (-128 -288 127 ) (0 -288 127 ) 
4 280 283 (-128 -448 127 ) (-160 -448 127 ) (-160 0 127 ) (-128 0 127 ) 
4 281 283 (-128 0 0 ) (-128 -160 0 ) (-128 -160 127 ) (-128 0 127 ) 
4 282 283 (-128 -288 0 ) (-128 -448 0 ) (-128 -448 127 ) (-128 -288 127 ) 
4 283 287 (-160 0 0 ) (-160 -384 0 ) (-160 -384 127 ) (-160 0 127 ) 
4 284 335 (0 -1024 512 ) (0 -1024 1024 ) (-160 -1024 1024 ) (-160 -1024 512 ) 
4 284 288 (-160 -1024 512 ) (-160 -1024 1024 ) (-160 -480 1024 ) (-160 -480 512 ) 
4 284 286 (-160 -480 1024 ) (-160 -448 1024 ) (-160 -448 512 ) (-160 -480 512 ) 
4 284 285 (-160 -1024 512 ) (-160 -480 512 ) (0 -480 512 ) (0 -1024 512 ) 
4 285 335 (0 -1024 0 ) (0 -1024 512 ) (-160 -1024 512 ) (-160 -1024 0 ) 
4 285 288 (-160 -1024 320 ) (-160 -1024 512 ) (-160 -480 512 ) (-160 -480 320 ) 
4 286 290 (-192 -384 512 ) (-192 -416 512 ) (-192 -416 1024 ) (-192 -384 1024 ) 
4 286 289 (-192 0 1024 ) (-192 0 512 ) (-192 -384 512 ) (-192 -384 1024 ) 
4 286 291 (-192 -416 512 ) (-192 -480 512 ) (-192 -480 1024 ) (-192 -416 1024 ) 
4 286 288 (-192 -480 1024 ) (-192 -480 512 ) (-160 -480 512 ) (-160 -480 1024 ) 
4 286 287 (-192 -384 512 ) (-192 0 512 ) (-160 0 512 ) (-160 -384 512 ) 
4 287 294 (-192 0 128 ) (-192 0 0 ) (-192 -384 0 ) (-192 -384 128 ) 
4 287 289 (-192 0 512 ) (-192 0 128 ) (-192 -384 128 ) (-192 -384 512 ) 
4 288 335 (-192 -1024 1024 ) (-192 -1024 320 ) (-160 -1024 320 ) (-160 -1024 1024 ) 
4 288 299 (-192 -1024 320 ) (-192 -1024 1024 ) (-192 -672 1024 ) (-192 -672 320 ) 
4 288 291 (-192 -672 1024 ) (-192 -480 1024 ) (-192 -480 320 ) (-192 -672 320 ) 
4 289 295 (-288 -64 128 ) (-288 -384 128 ) (-352 -384 128 ) (-352 -64 128 ) 
4 289 294 (-288 0 128 ) (-192 0 128 ) (-192 -384 128 ) (-288 -384 128 ) 
4 289 296 (-416 -384 128 ) (-416 0 128 ) (-352 0 128 ) (-352 -384 128 ) 
4 289 292 (-416 0 128 ) (-416 -384 128 ) (-416 -384 1024 ) (-416 0 1024 ) 
4 289 290 (-416 -384 1024 ) (-416 -384 512 ) (-192 -384 512 ) (-192 -384 1024 ) 
4 290 292 (-416 -416 512 ) (-416 -416 1024 ) (-416 -384 1024 ) (-416 -384 512 ) 
4 290 291 (-416 -416 1024 ) (-416 -416 512 ) (-192 -416 512 ) (-192 -416 1024 ) 
4 291 301 (-320 -672 160 ) (-320 -672 320 ) (-416 -672 320 ) (-416 -672 160 ) 
4 291 300 (-320 -672 128 ) (-192 -672 128 ) (-192 -672 320 ) (-320 -672 320 ) 
4 291 299 (-192 -672 320 ) (-192 -672 1024 ) (-416 -672 1024 ) (-416 -672 320 ) 
4 291 297 (-192 -672 128 ) (-416 -672 128 ) (-416 -416 128 ) (-192 -416 128 ) 
4 291 292 (-416 -416 128 ) (-416 -672 128 ) (-416 -672 1024 ) (-416 -416 1024 ) 
4 292 301 (-416 -672 160 ) (-416 -672 320 ) (-768 -672 320 ) (-768 -672 160 ) 
4 292 299 (-416 -672 320 ) (-416 -672 1024 ) (-768 -672 1024 ) (-768 -672 320 ) 
4 292 298 (-416 -672 128 ) (-768 -672 128 ) (-768 0 128 ) (-416 0 128 ) 
4 292 293 (-768 -672 164 ) (-768 -672 1024 ) (-768 0 1024 ) (-768 0 164 ) 
4 293 307 (-800 -240 320 ) (-800 -176 320 ) (-800 -176 164 ) (-800 -240 164 ) 
4 293 308 (-800 -672 164 ) (-800 -672 320 ) (-800 -240 320 ) (-800 -240 164 ) 
4 293 306 (-800 -672 320 ) (-800 -672 1024 ) (-800 -176 1024 ) (-800 -176 320 ) 
4 293 303 (-800 -176 1024 ) (-800 0 1024 ) (-800 0 164 ) (-800 -176 164 ) 
4 293 301 (-800 -672 320 ) (-800 -672 164 ) (-768 -672 164 ) (-768 -672 320 ) 
4 293 299 (-800 -672 1024 ) (-800 -672 320 ) (-768 -672 320 ) (-768 -672 1024 ) 
4 294 295 (-288 -64 0 ) (-288 -384 0 ) (-288 -384 128 ) (-288 -64 128 ) 
4 295 296 (-352 -64 0 ) (-352 -384 0 ) (-352 -384 128 ) (-352 -64 128 ) 
4 296 298 (-416 0 0 ) (-416 -384 0 ) (-416 -384 128 ) (-416 0 128 ) 
4 297 300 (-320 -672 0 ) (-192 -672 0 ) (-192 -672 128 ) (-320 -672 128 ) 
4 297 298 (-416 -416 0 ) (-416 -672 0 ) (-416 -672 128 ) (-416 -416 128 ) 
4 299 335 (-800 -1024 1024 ) (-800 -1024 320 ) (-192 -1024 320 ) (-192 -1024 1024 ) 
4 299 306 (-800 -1024 320 ) (-800 -1024 1024 ) (-800 -672 1024 ) (-800 -672 320 ) 
4 299 301 (-800 -704 320 ) (-800 -672 320 ) (-320 -672 320 ) (-320 -704 320 ) 
4 299 302 (-800 -992 320 ) (-800 -704 320 ) (-320 -704 320 ) (-320 -992 320 ) 
4 299 300 (-320 -672 320 ) (-192 -672 320 ) (-192 -992 320 ) (-320 -992 320 ) 
4 300 301 (-320 -704 320 ) (-320 -672 320 ) (-320 -672 160 ) (-320 -704 160 ) 
4 300 302 (-320 -992 0 ) (-320 -992 320 ) (-320 -704 320 ) (-320 -704 0 ) 
4 301 308 (-800 -704 160 ) (-800 -704 320 ) (-800 -672 320 ) (-800 -672 160 ) 
4 301 302 (-320 -704 160 ) (-320 -704 320 ) (-800 -704 320 ) (-800 -704 160 ) 
4 302 308 (-800 -704 0 ) (-800 -992 0 ) (-800 -992 320 ) (-800 -704 320 ) 
4 303 328 (-1024 0 1024 ) (-1024 0 40 ) (-1024 -176 40 ) (-1024 -176 1024 ) 
4 303 307 (-800 -176 80 ) (-800 -176 320 ) (-864 -176 320 ) (-864 -176 80 ) 
4 303 309 (-1024 -176 320 ) (-1024 -176 40 ) (-864 -176 40 ) (-864 -176 320 ) 
4 303 306 (-1024 -176 1024 ) (-1024 -176 320 ) (-800 -176 320 ) (-800 -176 1024 ) 
4 303 304 (-848 -128 40 ) (-848 0 40 ) (-800 0 40 ) (-800 -128 40 ) 
4 303 305 (-848 -176 40 ) (-1024 -176 40 ) (-1024 0 40 ) (-848 0 40 ) 
4 304 305 (-848 0 0 ) (-848 -128 0 ) (-848 -128 40 ) (-848 0 40 ) 
4 305 328 (-1024 0 40 ) (-1024 0 0 ) (-1024 -176 0 ) (-1024 -176 40 ) 
4 305 309 (-1024 -176 40 ) (-1024 -176 0 ) (-864 -176 0 ) (-864 -176 40 ) 
4 306 335 (-1024 -1024 1024 ) (-1024 -1024 320 ) (-800 -1024 320 ) (-800 -1024 1024 ) 
4 306 329 (-1024 -1024 320 ) (-1024 -1024 1024 ) (-1024 -992 1024 ) (-1024 -992 320 ) 
4 306 328 (-1024 -992 1024 ) (-1024 -176 1024 ) (-1024 -176 320 ) (-1024 -992 320 ) 
4 306 307 (-864 -176 320 ) (-800 -176 320 ) (-800 -240 320 ) (-864 -240 320 ) 
4 306 308 (-800 -240 320 ) (-800 -992 320 ) (-864 -992 320 ) (-864 -240 320 ) 
4 306 309 (-1024 -176 320 ) (-864 -176 320 ) (-864 -992 320 ) (-1024 -992 320 ) 
4 307 308 (-864 -240 320 ) (-864 -240 80 ) (-800 -240 80 ) (-800 -240 320 ) 
4 307 309 (-864 -240 320 ) (-864 -176 320 ) (-864 -176 80 ) (-864 -240 80 ) 
4 308 309 (-864 -992 0 ) (-864 -992 320 ) (-864 -240 320 ) (-864 -240 0 ) 
4 309 328 (-1024 -992 320 ) (-1024 -176 320 ) (-1024 -176 0 ) (-1024 -992 0 ) 
4 310 335 (0 -1024 -160 ) (0 -1024 -64 ) (-320 -1024 -64 ) (-320 -1024 -160 ) 
4 310 312 (-320 -704 -160 ) (-320 -1024 -160 ) (-320 -1024 -64 ) (-320 -704 -64 ) 
4 310 311 (-320 0 -160 ) (-320 -672 -160 ) (-320 -672 -64 ) (-320 0 -64 ) 
4 310 314 (0 0 -160 ) (0 -1024 -160 ) (-320 -1024 -160 ) (-320 0 -160 ) 
4 311 313 (-800 0 -160 ) (-800 -672 -160 ) (-800 -672 -64 ) (-800 0 -64 ) 
4 311 314 (-800 -672 -160 ) (-800 0 -160 ) (-320 0 -160 ) (-320 -672 -160 ) 
4 312 335 (-800 -1024 -64 ) (-800 -1024 -160 ) (-320 -1024 -160 ) (-320 -1024 -64 ) 
4 312 313 (-800 -704 -160 ) (-800 -1024 -160 ) (-800 -1024 -64 ) (-800 -704 -64 ) 
4 312 314 (-320 -1024 -160 ) (-800 -1024 -160 ) (-800 -704 -160 ) (-320 -704 -160 ) 
4 313 335 (-1024 -1024 -64 ) (-1024 -1024 -160 ) (-800 -1024 -160 ) (-800 -1024 -64 ) 
4 313 332 (-1024 -1024 -160 ) (-1024 -1024 -64 ) (-1024 0 -64 ) (-1024 0 -160 ) 
4 313 314 (-800 -1024 -160 ) (-1024 -1024 -160 ) (-1024 0 -160 ) (-800 0 -160 ) 
4 314 335 (0 -1024 -1024 ) (0 -1024 -160 ) (-1024 -1024 -160 ) (-1024 -1024 -1024 ) 
4 314 332 (-1024 -1024 -1024 ) (-1024 -1024 -160 ) (-1024 0 -160 ) (-1024 0 -1024 ) 
4 315 321 (-1280 1024 320 ) (-1024 1024 320 ) (-1024 704 320 ) (-1280 704 320 ) 
4 315 318 (-1280 704 545.406982 ) (-1280 704 320 ) (-1024 704 320 ) (-1024 704 545.406982 ) 
4 315 316 (-1280 704 1024 ) (-1280 704 553 ) (-1024 704 553 ) (-1024 704 1024 ) 
4 315 320 (-1280 1024 320 ) (-1280 704 320 ) (-1280 704 1024 ) (-1280 1024 1024 ) 
4 316 317 (-1024 224 553 ) (-1280 224 553 ) (-1280 680 553 ) (-1024 680 553 ) 
4 316 320 (-1280 224 553 ) (-1280 224 1024 ) (-1280 704 1024 ) (-1280 704 553 ) 
4 316 319 (-1280 224 1024 ) (-1280 224 553 ) (-1024 224 553 ) (-1024 224 1024 ) 
4 317 319 (-1280 224 553 ) (-1280 224 321.506958 ) (-1024 224 321.506958 ) (-1024 224 553 ) 
3 317 320 (-1280 224 321.506958 ) (-1280 224 553 ) (-1280 680 553 ) 
4 318 321 (-1024 704 320 ) (-1024 288 320 ) (-1280 288 320 ) (-1280 704 320 ) 
3 318 320 (-1280 704 320 ) (-1280 256 320 ) (-1280 704 545.406982 ) 
4 319 330 (-1248 0 1024 ) (-1280 0 1024 ) (-1280 0 320 ) (-1248 0 320 ) 
4 319 328 (-1024 0 320 ) (-1024 0 1024 ) (-1248 0 1024 ) (-1248 0 320 ) 
4 319 323 (-1248 0 320 ) (-1280 0 320 ) (-1280 224 320 ) (-1248 224 320 ) 
4 319 322 (-1024 224 320 ) (-1024 0 320 ) (-1248 0 320 ) (-1248 224 320 ) 
4 319 320 (-1280 224 320 ) (-1280 0 320 ) (-1280 0 1024 ) (-1280 224 1024 ) 
4 320 331 (-1280 0 1024 ) (-1568 0 1024 ) (-1568 0 320 ) (-1280 0 320 ) 
4 320 325 (-1568 0 320 ) (-1568 0 1024 ) (-1568 1024 1024 ) (-1568 1024 320 ) 
4 320 324 (-1568 0 320 ) (-1568 256 320 ) (-1280 256 320 ) (-1280 0 320 ) 
4 320 321 (-1568 288 320 ) (-1568 1024 320 ) (-1280 1024 320 ) (-1280 288 320 ) 
4 321 325 (-1568 1024 0 ) (-1568 288 0 ) (-1568 288 320 ) (-1568 1024 320 ) 
4 322 328 (-1024 0 0 ) (-1024 0 320 ) (-1248 0 320 ) (-1248 0 0 ) 
4 322 323 (-1248 256 320 ) (-1248 256 164 ) (-1248 0 164 ) (-1248 0 320 ) 
4 323 330 (-1248 0 320 ) (-1280 0 320 ) (-1280 0 164 ) (-1248 0 164 ) 
4 323 324 (-1280 256 320 ) (-1280 256 164 ) (-1280 0 164 ) (-1280 0 320 ) 
4 324 331 (-1280 0 320 ) (-1568 0 320 ) (-1568 0 0 ) (-1280 0 0 ) 
4 324 325 (-1568 256 0 ) (-1568 0 0 ) (-1568 0 320 ) (-1568 256 320 ) 
4 325 331 (-1568 0 1024 ) (-1985.939941 0 1024 ) (-1985.939941 0 0 ) (-1568 0 0 ) 
4 325 327 (-1568 0 0 ) (-1985.939941 0 0 ) (-1985.939941 1024 0 ) (-1568 1024 0 ) 
4 326 332 (-1024 0 -1024 ) (-1024 0 -64 ) (-1568 0 -64 ) (-1568 0 -1024 ) 
4 326 327 (-1568 1024 -1024 ) (-1568 0 -1024 ) (-1568 0 -64 ) (-1568 1024 -64 ) 
4 327 333 (-1568 0 0 ) (-1985.939941 0 0 ) (-1985.939941 0 -1024 ) (-1568 0 -1024 ) 
4 328 330 (-1248 -992 164 ) (-1248 -992 1024 ) (-1248 0 1024 ) (-1248 0 164 ) 
4 328 329 (-1248 -992 1024 ) (-1248 -992 320 ) (-1024 -992 320 ) (-1024 -992 1024 ) 
4 329 336 (-1024 -1024 320 ) (-1024 -1024 1024 ) (-1248 -1024 1024 ) (-1248 -1024 320 ) 
4 329 330 (-1248 -1024 320 ) (-1248 -1024 1024 ) (-1248 -992 1024 ) (-1248 -992 320 ) 
4 330 336 (-1248 -1024 1024 ) (-1280 -1024 1024 ) (-1280 -1024 164 ) (-1248 -1024 164 ) 
4 330 331 (-1280 -1024 164 ) (-1280 -1024 1024 ) (-1280 0 1024 ) (-1280 0 164 ) 
4 331 336 (-1280 -1024 1024 ) (-1985.939941 -1024 1024 ) (-1985.939941 -1024 0 ) (-1280 -1024 0 ) 
4 331 333 (-1985.939941 0 0 ) (-1568 0 0 ) (-1568 -1024 0 ) (-1985.939941 -1024 0 ) 
4 332 336 (-1024 -1024 -1024 ) (-1024 -1024 -64 ) (-1568 -1024 -64 ) (-1568 -1024 -1024 ) 
4 332 333 (-1568 0 -1024 ) (-1568 -1024 -1024 ) (-1568 -1024 -64 ) (-1568 0 -64 ) 
4 333 336 (-1568 -1024 0 ) (-1985.939941 -1024 0 ) (-1985.939941 -1024 -1024 ) (-1568 -1024 -1024 ) 
4 334 335 (0 -1024 1024 ) (0 -1024 -1024 ) (0 -1024.969971 -1024 ) (0 -1024.969971 1024 ) 
4 335 336 (-1024 -1024 1024 ) (-1024 -1024 -1024 ) (-1024 -1024.969971 -1024 ) (-1024 -1024.969971 1024 ) 
